  Assembling iob_shim.asm...
  stdafx.cpp
  UIStructs.h
  LevelGenerationOptions.h
  AbstractTexturePack.cpp
  AchievementPopup.cpp
  AchievementScreen.cpp
  AllowAllCuller.cpp
  ArchiveFile.cpp
  ArrowRenderer.cpp
  BatModel.cpp
  BatRenderer.cpp
  BeaconRenderer.cpp
  BlazeModel.cpp
  BlazeRenderer.cpp
  BoatModel.cpp
  BoatRenderer.cpp
  BookModel.cpp
  BossMobGuiInfo.cpp
  BreakingItemParticle.cpp
  BubbleParticle.cpp
  BufferedImage.cpp
  Button.cpp
  Camera.cpp
  CaveSpiderRenderer.cpp
  ChatScreen.cpp
  ChestModel.cpp
  ChestRenderer.cpp
  ChickenModel.cpp
  ChickenRenderer.cpp
  Chunk.cpp
  ClientConnection.cpp
  ClientConstants.cpp
  ClockTexture.cpp
  Consoles_SoundEngine.cpp
  SoundEngine.cpp
  SoundNames.cpp
  ColourTable.cpp
  Consoles_App.cpp
  DLCAudioFile.cpp
  DLCCapeFile.cpp
  DLCColourTableFile.cpp
  DLCFile.cpp
  DLCGameRulesFile.cpp
  DLCGameRulesHeader.cpp
  DLCLocalisationFile.cpp
  DLCManager.cpp
  DLCPack.cpp
  DLCSkinFile.cpp
  DLCTextureFile.cpp
  DLCUIDataFile.cpp
  AddEnchantmentRuleDefinition.cpp
  AddItemRuleDefinition.cpp
  ApplySchematicRuleDefinition.cpp
  BiomeOverride.cpp
  CollectItemRuleDefinition.cpp
  CompleteAllRuleDefinition.cpp
  CompoundGameRuleDefinition.cpp
  GameRule.cpp
  GameRuleDefinition.cpp
  GameRuleManager.cpp
  LevelGenerationOptions.cpp
  LevelGenerators.cpp
  LevelRules.cpp
  LevelRuleset.cpp
  NamedAreaRuleDefinition.cpp
  StartFeature.cpp
  UpdatePlayerRuleDefinition.cpp
  UseTileRuleDefinition.cpp
  ConsoleGenerateStructure.cpp
  ConsoleSchematicFile.cpp
  XboxStructureActionGenerateBox.cpp
  XboxStructureActionPlaceBlock.cpp
  XboxStructureActionPlaceContainer.cpp
  XboxStructureActionPlaceSpawner.cpp
  LeaderboardInterface.cpp
  LeaderboardManager.cpp
  GameNetworkManager.cpp
  PlatformNetworkManagerStub.cpp
  TelemetryManager.cpp
  TrialMode.cpp
  AreaConstraint.cpp
  AreaHint.cpp
  AreaTask.cpp
  ChangeStateConstraint.cpp
  ChoiceTask.cpp
  CompleteUsingItemTask.cpp
  ControllerTask.cpp
  CraftTask.cpp
  DiggerItemHint.cpp
  EffectChangedTask.cpp
  FullTutorial.cpp
  FullTutorialActiveTask.cpp
  FullTutorialMode.cpp
  HorseChoiceTask.cpp
  InfoTask.cpp
  InputConstraint.cpp
  LookAtEntityHint.cpp
  LookAtTileHint.cpp
  PickupTask.cpp
  ProcedureCompoundTask.cpp
  ProgressFlagTask.cpp
  RideEntityTask.cpp
  StatTask.cpp
  TakeItemHint.cpp
  Tutorial.cpp
  TutorialHint.cpp
  TutorialMessage.cpp
  TutorialMode.cpp
  TutorialTask.cpp
  UseItemTask.cpp
  UseTileTask.cpp
  XuiCraftingTask.cpp
  ConsoleGameMode.cpp
  Console_Utils.cpp
  IUIScene_AbstractContainerMenu.cpp
  IUIScene_AnvilMenu.cpp
  IUIScene_BeaconMenu.cpp
  IUIScene_BrewingMenu.cpp
  IUIScene_CommandBlockMenu.cpp
  IUIScene_ContainerMenu.cpp
  IUIScene_CraftingMenu.cpp
  IUIScene_CreativeMenu.cpp
  IUIScene_DispenserMenu.cpp
  IUIScene_EnchantingMenu.cpp
  IUIScene_FireworksMenu.cpp
  IUIScene_FurnaceMenu.cpp
  IUIScene_HopperMenu.cpp
  IUIScene_HorseInventoryMenu.cpp
  IUIScene_HUD.cpp
  IUIScene_InventoryMenu.cpp
  IUIScene_PauseMenu.cpp
  IUIScene_StartGame.cpp
  IUIScene_TradingMenu.cpp
  UIComponent_DebugUIMarketingGuide.cpp
  UIControl_BeaconEffectButton.cpp
  UIControl_MinecraftHorse.cpp
  UIScene_BeaconMenu.cpp
  UIScene_FireworksMenu.cpp
  UIScene_HopperMenu.cpp
  UIScene_HorseInventoryMenu.cpp
  UIScene_Keyboard.cpp
  UIComponent_MenuBackground.cpp
  UIComponent_PressStartToPlay.cpp
  UIControl_Base.cpp
  UIControl_BitmapIcon.cpp
  UIControl_DLCList.cpp
  UIControl_DynamicLabel.cpp
  UIControl_EnchantmentBook.cpp
  UIControl_EnchantmentButton.cpp
  UIControl_HTMLLabel.cpp
  UIControl_LeaderboardList.cpp
  UIControl_MinecraftPlayer.cpp
  UIControl_PlayerList.cpp
  UIControl_SaveList.cpp
  UIControl_SpaceIndicatorBar.cpp
  UIControl_TexturePackList.cpp
  UIFontData.cpp
  UIScene_AnvilMenu.cpp
  UIScene_ControlsMenu.cpp
  UIScene_Credits.cpp
  UIScene_DebugCreateSchematic.cpp
  UIScene_DebugSetCamera.cpp
  UIScene_DLCMainMenu.cpp
  UIScene_DLCOffersMenu.cpp
  UIScene_EndPoem.cpp
  UIScene_EULA.cpp
  UIScene_HowToPlay.cpp
  UIScene_InGameHostOptionsMenu.cpp
  UIScene_InGameInfoMenu.cpp
  UIScene_InGamePlayerOptionsMenu.cpp
  UIScene_LanguageSelector.cpp
  UIScene_LeaderboardsMenu.cpp
  UIScene_MessageBox.cpp
  UIBitmapFont.cpp
  UIComponent_DebugUIConsole.cpp
  UIComponent_Chat.cpp
  UIComponent_Logo.cpp
  UIComponent_Panorama.cpp
  UIComponent_Tooltips.cpp
  UIComponent_TutorialPopup.cpp
  UIControl.cpp
  UIController.cpp
  UIControl_Button.cpp
  UIControl_CheckBox.cpp
  UIControl_Cursor.cpp
  UIControl_Label.cpp
  UIControl_PlayerSkinPreview.cpp
  UIControl_Progress.cpp
  UIControl_ButtonList.cpp
  UIControl_Slider.cpp
  UIControl_SlotList.cpp
  UIControl_TextInput.cpp
  UIGroup.cpp
  UILayer.cpp
  UIScene.cpp
  UIScene_AbstractContainerMenu.cpp
  UIScene_BrewingStandMenu.cpp
  UIScene_ConnectingProgress.cpp
  UIScene_ContainerMenu.cpp
  UIScene_CraftingMenu.cpp
  UIScene_CreateWorldMenu.cpp
  UIScene_CreativeMenu.cpp
  UIScene_DeathMenu.cpp
  UIScene_DebugOptions.cpp
  UIScene_DebugOverlay.cpp
  UIScene_DispenserMenu.cpp
  UIScene_EnchantingMenu.cpp
  UIScene_FullscreenProgress.cpp
  UIScene_FurnaceMenu.cpp
  UIScene_HelpAndOptionsMenu.cpp
  UIScene_HowToPlayMenu.cpp
  UIScene_HUD.cpp
  UIScene_Intro.cpp
  UIScene_JoinMenu.cpp
  UIScene_LaunchMoreOptionsMenu.cpp
  UIScene_LoadMenu.cpp
  UIScene_LoadOrJoinMenu.cpp
  UIScene_MainMenu.cpp
  UIScene_InventoryMenu.cpp
  UIScene_NewUpdateMessage.cpp
  UIScene_PauseMenu.cpp
  UIScene_QuadrantSignin.cpp
  UIScene_ReinstallMenu.cpp
  UIScene_SaveMessage.cpp
  UIScene_SettingsAudioMenu.cpp
C:\Program Files\Microsoft Visual Studio\2022\Community\VC\Tools\MSVC\14.44.35207\include\utility(274,54): warning C4267: 'initializing': conversion from 'size_t' to '_Ty2', possible loss of data
C:\Program Files\Microsoft Visual Studio\2022\Community\VC\Tools\MSVC\14.44.35207\include\utility(274,54): warning C4267:         with
C:\Program Files\Microsoft Visual Studio\2022\Community\VC\Tools\MSVC\14.44.35207\include\utility(274,54): warning C4267:         [
C:\Program Files\Microsoft Visual Studio\2022\Community\VC\Tools\MSVC\14.44.35207\include\utility(274,54): warning C4267:             _Ty2=unsigned int
C:\Program Files\Microsoft Visual Studio\2022\Community\VC\Tools\MSVC\14.44.35207\include\utility(274,54): warning C4267:         ]
  (compiling source file '/Common/UI/UIScene_DebugOverlay.cpp')
      C:\Program Files\Microsoft Visual Studio\2022\Community\VC\Tools\MSVC\14.44.35207\include\utility(274,54):
      the template instantiation context (the oldest one first) is
          S:\lce\fixproj\MinecraftConsoles\Minecraft.Client\Common\UI\UIScene_DebugOverlay.cpp(49,16):
          see reference to function template instantiation 'void std::vector<std::pair<std::wstring,unsigned int>,std::allocator<std::pair<std::wstring,unsigned int>>>::emplace_back<std::wstring,size_t&>(std::wstring &&,size_t &)' being compiled
              S:\lce\fixproj\MinecraftConsoles\Minecraft.Client\Common\UI\UIScene_DebugOverlay.cpp(49,28):
              see the first reference to 'std::vector<std::pair<std::wstring,unsigned int>,std::allocator<std::pair<std::wstring,unsigned int>>>::emplace_back' in 'UIScene_DebugOverlay::UIScene_DebugOverlay'
          C:\Program Files\Microsoft Visual Studio\2022\Community\VC\Tools\MSVC\14.44.35207\include\vector(924,24):
          see reference to function template instantiation '_Ty &std::vector<_Ty,std::allocator<_Ty>>::_Emplace_one_at_back<std::basic_string<wchar_t,std::char_traits<wchar_t>,std::allocator<wchar_t>>,size_t&>(std::basic_string<wchar_t,std::char_traits<wchar_t>,std::allocator<wchar_t>> &&,size_t &)' being compiled
          with
          [
              _Ty=std::pair<std::wstring,unsigned int>
          ]
          C:\Program Files\Microsoft Visual Studio\2022\Community\VC\Tools\MSVC\14.44.35207\include\vector(845,20):
          see reference to function template instantiation '_Ty &std::vector<_Ty,std::allocator<_Ty>>::_Emplace_back_with_unused_capacity<std::basic_string<wchar_t,std::char_traits<wchar_t>,std::allocator<wchar_t>>,size_t&>(std::basic_string<wchar_t,std::char_traits<wchar_t>,std::allocator<wchar_t>> &&,size_t &)' being compiled
          with
          [
              _Ty=std::pair<std::wstring,unsigned int>
          ]
          C:\Program Files\Microsoft Visual Studio\2022\Community\VC\Tools\MSVC\14.44.35207\include\vector(860,18):
          see reference to function template instantiation 'void std::_Construct_in_place<std::pair<std::wstring,unsigned int>,_Ty,size_t&>(std::pair<std::wstring,unsigned int> &,_Ty &&,size_t &) noexcept' being compiled
          with
          [
              _Ty=std::basic_string<wchar_t,std::char_traits<wchar_t>,std::allocator<wchar_t>>
          ]
          C:\Program Files\Microsoft Visual Studio\2022\Community\VC\Tools\MSVC\14.44.35207\include\xutility(476,61):
          see reference to function template instantiation 'std::pair<std::wstring,unsigned int>::pair<_T,size_t&,0>(_Other1 &&,_Other2) noexcept' being compiled
          with
          [
              _T=std::basic_string<wchar_t,std::char_traits<wchar_t>,std::allocator<wchar_t>>,
              _Other1=std::basic_string<wchar_t,std::char_traits<wchar_t>,std::allocator<wchar_t>>,
              _Other2=size_t &
          ]
  
  UIScene_SettingsControlMenu.cpp
  UIScene_SettingsGraphicsMenu.cpp
  UIScene_SettingsMenu.cpp
  UIScene_SettingsOptionsMenu.cpp
  UIScene_SettingsUIMenu.cpp
  UIScene_SignEntryMenu.cpp
  UIScene_SkinSelectMenu.cpp
  UIScene_TeleportMenu.cpp
  UIScene_Timer.cpp
  UIScene_TradingMenu.cpp
  UIScene_TrialExitUpsell.cpp
  UIString.cpp
  UITTFFont.cpp
  CompassTexture.cpp
  ConfirmScreen.cpp
  ConsoleInput.cpp
  ControlsScreen.cpp
  CowModel.cpp
  CowRenderer.cpp
  CreateWorldScreen.cpp
  CreeperModel.cpp
  CreeperRenderer.cpp
  CritParticle.cpp
  CritParticle2.cpp
  Cube.cpp
  DeathScreen.cpp
  DefaultRenderer.cpp
  DefaultTexturePack.cpp
  DemoUser.cpp
  DerivedServerLevel.cpp
  DirtyChunkSorter.cpp
  DispenserBootstrap.cpp
  DistanceChunkSorter.cpp
  DLCTexturePack.cpp
  DragonBreathParticle.cpp
  DragonModel.cpp
  DripParticle.cpp
  EchantmentTableParticle.cpp
  EditBox.cpp
  EnchantTableRenderer.cpp
  EnderChestRenderer.cpp
  EnderCrystalModel.cpp
  EnderCrystalRenderer.cpp
  EnderDragonRenderer.cpp
  EndermanModel.cpp
  EndermanRenderer.cpp
  EnderParticle.cpp
  EntityRenderDispatcher.cpp
  EntityRenderer.cpp
  EntityTileRenderer.cpp
  EntityTracker.cpp
  ErrorScreen.cpp
  ExperienceOrbRenderer.cpp
  ExplodeParticle.cpp
  Extrax64Stubs.cpp
  FallingTileRenderer.cpp
  FileTexturePack.cpp
  FireballRenderer.cpp
  FireworksParticles.cpp
  FishingHookRenderer.cpp
  FlameParticle.cpp
  FolderTexturePack.cpp
  Font.cpp
  FootstepParticle.cpp
  Frustum.cpp
  FrustumCuller.cpp
  FrustumData.cpp
  GameRenderer.cpp
  GhastModel.cpp
  GhastRenderer.cpp
  GiantMobRenderer.cpp
  glWrapper.cpp
  Gui.cpp
  GuiComponent.cpp
  GuiMessage.cpp
  GuiParticle.cpp
  GuiParticles.cpp
  HeartParticle.cpp
  HorseRenderer.cpp
  HttpTexture.cpp
  HugeExplosionParticle.cpp
  HugeExplosionSeedParticle.cpp
  HumanoidMobRenderer.cpp
  HumanoidModel.cpp
  InBedChatScreen.cpp
  Input.cpp
  ItemFrameRenderer.cpp
  ItemInHandRenderer.cpp
  ItemRenderer.cpp
  ItemSpriteRenderer.cpp
  JoinMultiplayerScreen.cpp
  KeyMapping.cpp
  LargeChestModel.cpp
  LavaParticle.cpp
  LavaSlimeModel.cpp
  LavaSlimeRenderer.cpp
  LeashKnotModel.cpp
  LeashKnotRenderer.cpp
  LevelRenderer.cpp
  Lighting.cpp
  LightningBoltRenderer.cpp
  LivingEntityRenderer.cpp
  MemoryTracker.cpp
  MemTexture.cpp
  MinecartModel.cpp
  MinecartRenderer.cpp
  MinecartSpawnerRenderer.cpp
  Minecraft.cpp
  MinecraftServer.cpp
  Minimap.cpp
  MobRenderer.cpp
  MobSkinMemTextureProcessor.cpp
  MobSkinTextureProcessor.cpp
  MobSpawnerRenderer.cpp
  Model.cpp
  ModelHorse.cpp
  ModelPart.cpp
  MultiPlayerChunkCache.cpp
  MultiPlayerGameMode.cpp
  MultiPlayerLevel.cpp
  MultiPlayerLocalPlayer.cpp
  MushroomCowRenderer.cpp
  NameEntryScreen.cpp
  NoteParticle.cpp
  OffsettedRenderList.cpp
  Options.cpp
  OptionsScreen.cpp
  OcelotModel.cpp
  OcelotRenderer.cpp
  PaintingRenderer.cpp
  Particle.cpp
  ParticleEngine.cpp
  PauseScreen.cpp
  PendingConnection.cpp
  PigModel.cpp
  PigRenderer.cpp
  LocalPlayer.cpp
  PistonPieceRenderer.cpp
  PlayerChunkMap.cpp
  PlayerCloudParticle.cpp
  PlayerConnection.cpp
  PlayerList.cpp
  PreStitchedTextureMap.cpp
  ProgressRenderer.cpp
  ShutdownManager.cpp
  Rect2i.cpp
  RemotePlayer.cpp
  PlayerRenderer.cpp
  Polygon.cpp
  NetherPortalParticle.cpp
  QuadrupedModel.cpp
  RedDustParticle.cpp
  RenameWorldScreen.cpp
  Screen.cpp
  ScreenSizeCalculator.cpp
  ScrolledSelectionList.cpp
  SelectWorldScreen.cpp
  ServerChunkCache.cpp
  ServerCommandDispatcher.cpp
  ServerConnection.cpp
  ServerPlayerGameMode.cpp
  ServerLevel.cpp
  ServerLevelListener.cpp
  ServerPlayer.cpp
  ServerScoreboard.cpp
  Settings.cpp
  SheepFurModel.cpp
  SheepModel.cpp
  SheepRenderer.cpp
  SignModel.cpp
  SignRenderer.cpp
  SilverfishModel.cpp
  SilverfishRenderer.cpp
  SimpleIcon.cpp
  SkeletonHeadModel.cpp
  SkeletonModel.cpp
  SkeletonRenderer.cpp
  SkiModel.cpp
  SkullTileRenderer.cpp
  SlideButton.cpp
  SlimeModel.cpp
  SlimeRenderer.cpp
  SmallButton.cpp
  SmokeParticle.cpp
  SnowManModel.cpp
  SnowManRenderer.cpp
  SnowShovelParticle.cpp
  SpellParticle.cpp
  SpiderModel.cpp
  SpiderRenderer.cpp
  SplashParticle.cpp
  SquidModel.cpp
  SquidRenderer.cpp
  StatsCounter.cpp
  StatsScreen.cpp
  StatsSyncher.cpp
  StitchedTexture.cpp
  Stitcher.cpp
  StitchSlot.cpp
  StringTable.cpp
  stubs.cpp
  SuspendedParticle.cpp
  SuspendedTownParticle.cpp
  TakeAnimationParticle.cpp
  TeleportCommand.cpp
  TerrainParticle.cpp
  Tesselator.cpp
  TexOffs.cpp
  Texture.cpp
  TextureAtlas.cpp
  TextureHolder.cpp
  TextureManager.cpp
  TextureMap.cpp
  TexturePack.cpp
  TexturePackRepository.cpp
  Textures.cpp
  TheEndPortalRenderer.cpp
  TileEntityRenderDispatcher.cpp
  TileEntityRenderer.cpp
  TileRenderer.cpp
  Timer.cpp
  TitleScreen.cpp
  TntMinecartRenderer.cpp
  TntRenderer.cpp
  TrackedEntity.cpp
  User.cpp
  Vertex.cpp
  VideoSettingsScreen.cpp
  ViewportCuller.cpp
  VillagerGolemModel.cpp
  VillagerGolemRenderer.cpp
  VillagerModel.cpp
  VillagerRenderer.cpp
  VillagerZombieModel.cpp
  WaterDropParticle.cpp
  gdraw_d3d11.cpp
  WindowsLeaderboardManager.cpp
  WinsockNetLayer.cpp
  Windows64_App.cpp
  Windows64_Minecraft.cpp
  KeyboardMouseInput.cpp
  Windows64_UIController.cpp
  WitchModel.cpp
  WitchRenderer.cpp
  WitherBossModel.cpp
  WitherBossRenderer.cpp
  WitherSkullRenderer.cpp
  WolfModel.cpp
  WolfRenderer.cpp
  WstringLookup.cpp
  NetworkPlayerXbox.cpp
  ZombieModel.cpp
  ZombieRenderer.cpp
  adler32.c
  compress.c
  crc32.c
  deflate.c
  gzclose.c
  gzlib.c
  gzread.c
  gzwrite.c
  infback.c
  inffast.c
  inflate.c
  inftrees.c
  trees.c
  uncompr.c
  zutil.c
  compat_shims.cpp
  Microsoft (R) Incremental Linker Version 14.44.35222.0
  Copyright (C) Microsoft Corporation.  All rights reserved.
  "/OUT:S:\lce\fixproj\MinecraftConsoles\x64\Release\Minecraft.Client.exe" /INCREMENTAL:NO legacy_stdio_definitions.lib d3d11.lib ..\Minecraft.World\x64_Release\Minecraft.World.lib XInput9_1_0.lib Windows64\Iggy\lib\iggy_w64.lib kernel32.lib user32.lib gdi32.lib winspool.lib comdlg32.lib advapi32.lib shell32.lib ole32.lib oleaut32.lib uuid.lib odbc32.lib odbccp32.lib /MANIFEST "/MANIFESTUAC:level='asInvoker' uiAccess='false'" /manifest:embed /DEBUG "/PDB:S:\lce\fixproj\MinecraftConsoles\x64\Release\Minecraft.Client.pdb" /OPT:REF /OPT:ICF /LTCG "/LTCGOUT:x64\Release\Minecraft.Client.iobj" /TLBID:1 /DYNAMICBASE /NXCOMPAT "/IMPLIB:S:\lce\fixproj\MinecraftConsoles\x64\Release\Minecraft.Client.lib" /MACHINE:X64 x64\Release\MinecraftWindows.res 
  x64\Release\AbstractTexturePack.obj 
  x64\Release\AchievementPopup.obj 
  x64\Release\AchievementScreen.obj 
  x64\Release\AllowAllCuller.obj 
  x64\Release\ArchiveFile.obj 
  x64\Release\ArrowRenderer.obj 
  x64\Release\BatModel.obj 
  x64\Release\BatRenderer.obj 
  x64\Release\BeaconRenderer.obj 
  x64\Release\BlazeModel.obj 
  x64\Release\BlazeRenderer.obj 
  x64\Release\BoatModel.obj 
  x64\Release\BoatRenderer.obj 
  x64\Release\BookModel.obj 
  x64\Release\BossMobGuiInfo.obj 
  x64\Release\BreakingItemParticle.obj 
  x64\Release\BubbleParticle.obj 
  x64\Release\BufferedImage.obj 
  x64\Release\Button.obj 
  x64\Release\Camera.obj 
  x64\Release\CaveSpiderRenderer.obj 
  x64\Release\ChatScreen.obj 
  x64\Release\ChestModel.obj 
  x64\Release\ChestRenderer.obj 
  x64\Release\ChickenModel.obj 
  x64\Release\ChickenRenderer.obj 
  x64\Release\Chunk.obj 
  x64\Release\ClientConstants.obj 
  x64\Release\ClockTexture.obj 
  x64\Release\Consoles_SoundEngine.obj 
  x64\Release\SoundEngine.obj 
  x64\Release\SoundNames.obj 
  x64\Release\ColourTable.obj 
  x64\Release\Consoles_App.obj 
  x64\Release\DLCAudioFile.obj 
  x64\Release\DLCCapeFile.obj 
  x64\Release\DLCColourTableFile.obj 
  x64\Release\DLCFile.obj 
  x64\Release\DLCGameRulesFile.obj 
  x64\Release\DLCGameRulesHeader.obj 
  x64\Release\DLCLocalisationFile.obj 
  x64\Release\DLCManager.obj 
  x64\Release\DLCPack.obj 
  x64\Release\DLCSkinFile.obj 
  x64\Release\DLCTextureFile.obj 
  x64\Release\DLCUIDataFile.obj 
  x64\Release\AddEnchantmentRuleDefinition.obj 
  x64\Release\AddItemRuleDefinition.obj 
  x64\Release\ApplySchematicRuleDefinition.obj 
  x64\Release\BiomeOverride.obj 
  x64\Release\CollectItemRuleDefinition.obj 
  x64\Release\CompleteAllRuleDefinition.obj 
  x64\Release\CompoundGameRuleDefinition.obj 
  x64\Release\GameRule.obj 
  x64\Release\GameRuleDefinition.obj 
  x64\Release\GameRuleManager.obj 
  x64\Release\LevelGenerationOptions.obj 
  x64\Release\LevelGenerators.obj 
  x64\Release\LevelRules.obj 
  x64\Release\LevelRuleset.obj 
  x64\Release\NamedAreaRuleDefinition.obj 
  x64\Release\StartFeature.obj 
  x64\Release\UpdatePlayerRuleDefinition.obj 
  x64\Release\UseTileRuleDefinition.obj 
  x64\Release\ConsoleGenerateStructure.obj 
  x64\Release\ConsoleSchematicFile.obj 
  x64\Release\XboxStructureActionGenerateBox.obj 
  x64\Release\XboxStructureActionPlaceBlock.obj 
  x64\Release\XboxStructureActionPlaceContainer.obj 
  x64\Release\XboxStructureActionPlaceSpawner.obj 
  x64\Release\LeaderboardInterface.obj 
  x64\Release\LeaderboardManager.obj 
  x64\Release\GameNetworkManager.obj 
  x64\Release\PlatformNetworkManagerStub.obj 
  x64\Release\TelemetryManager.obj 
  x64\Release\TrialMode.obj 
  x64\Release\AreaConstraint.obj 
  x64\Release\AreaHint.obj 
  x64\Release\AreaTask.obj 
  x64\Release\ChangeStateConstraint.obj 
  x64\Release\ChoiceTask.obj 
  x64\Release\CompleteUsingItemTask.obj 
  x64\Release\ControllerTask.obj 
  x64\Release\CraftTask.obj 
  x64\Release\DiggerItemHint.obj 
  x64\Release\EffectChangedTask.obj 
  x64\Release\FullTutorial.obj 
  x64\Release\FullTutorialActiveTask.obj 
  x64\Release\FullTutorialMode.obj 
  x64\Release\HorseChoiceTask.obj 
  x64\Release\InfoTask.obj 
  x64\Release\InputConstraint.obj 
  x64\Release\LookAtEntityHint.obj 
  x64\Release\LookAtTileHint.obj 
  x64\Release\PickupTask.obj 
  x64\Release\ProcedureCompoundTask.obj 
  x64\Release\ProgressFlagTask.obj 
  x64\Release\RideEntityTask.obj 
  x64\Release\StatTask.obj 
  x64\Release\TakeItemHint.obj 
  x64\Release\Tutorial.obj 
  x64\Release\TutorialHint.obj 
  x64\Release\TutorialMessage.obj 
  x64\Release\TutorialMode.obj 
  x64\Release\TutorialTask.obj 
  x64\Release\UseItemTask.obj 
  x64\Release\UseTileTask.obj 
  x64\Release\XuiCraftingTask.obj 
  x64\Release\ConsoleGameMode.obj 
  x64\Release\Console_Utils.obj 
  x64\Release\IUIScene_AbstractContainerMenu.obj 
  x64\Release\IUIScene_AnvilMenu.obj 
  x64\Release\IUIScene_BeaconMenu.obj 
  x64\Release\IUIScene_BrewingMenu.obj 
  x64\Release\IUIScene_CommandBlockMenu.obj 
  x64\Release\IUIScene_ContainerMenu.obj 
  x64\Release\IUIScene_CraftingMenu.obj 
  x64\Release\IUIScene_CreativeMenu.obj 
  x64\Release\IUIScene_DispenserMenu.obj 
  x64\Release\IUIScene_EnchantingMenu.obj 
  x64\Release\IUIScene_FireworksMenu.obj 
  x64\Release\IUIScene_FurnaceMenu.obj 
  x64\Release\IUIScene_HopperMenu.obj 
  x64\Release\IUIScene_HorseInventoryMenu.obj 
  x64\Release\IUIScene_HUD.obj 
  x64\Release\IUIScene_InventoryMenu.obj 
  x64\Release\IUIScene_PauseMenu.obj 
  x64\Release\IUIScene_StartGame.obj 
  x64\Release\IUIScene_TradingMenu.obj 
  x64\Release\UIComponent_DebugUIMarketingGuide.obj 
  x64\Release\UIControl_BeaconEffectButton.obj 
  x64\Release\UIControl_MinecraftHorse.obj 
  x64\Release\UIScene_BeaconMenu.obj 
  x64\Release\UIScene_FireworksMenu.obj 
  x64\Release\UIScene_HopperMenu.obj 
  x64\Release\UIScene_HorseInventoryMenu.obj 
  x64\Release\UIScene_Keyboard.obj 
  x64\Release\UIComponent_MenuBackground.obj 
  x64\Release\UIComponent_PressStartToPlay.obj 
  x64\Release\UIControl_Base.obj 
  x64\Release\UIControl_BitmapIcon.obj 
  x64\Release\UIControl_DLCList.obj 
  x64\Release\UIControl_DynamicLabel.obj 
  x64\Release\UIControl_EnchantmentBook.obj 
  x64\Release\UIControl_EnchantmentButton.obj 
  x64\Release\UIControl_HTMLLabel.obj 
  x64\Release\UIControl_LeaderboardList.obj 
  x64\Release\UIControl_MinecraftPlayer.obj 
  x64\Release\UIControl_PlayerList.obj 
  x64\Release\UIControl_SaveList.obj 
  x64\Release\UIControl_SpaceIndicatorBar.obj 
  x64\Release\UIControl_TexturePackList.obj 
  x64\Release\UIFontData.obj 
  x64\Release\UIScene_AnvilMenu.obj 
  x64\Release\UIScene_ControlsMenu.obj 
  x64\Release\UIScene_Credits.obj 
  x64\Release\UIScene_DebugCreateSchematic.obj 
  x64\Release\UIScene_DebugSetCamera.obj 
  x64\Release\UIScene_DLCMainMenu.obj 
  x64\Release\UIScene_DLCOffersMenu.obj 
  x64\Release\UIScene_EndPoem.obj 
  x64\Release\UIScene_EULA.obj 
  x64\Release\UIScene_HowToPlay.obj 
  x64\Release\UIScene_InGameHostOptionsMenu.obj 
  x64\Release\UIScene_InGameInfoMenu.obj 
  x64\Release\UIScene_InGamePlayerOptionsMenu.obj 
  x64\Release\UIScene_LanguageSelector.obj 
  x64\Release\UIScene_LeaderboardsMenu.obj 
  x64\Release\UIScene_MessageBox.obj 
  x64\Release\UIBitmapFont.obj 
  x64\Release\UIComponent_Chat.obj 
  x64\Release\UIComponent_DebugUIConsole.obj 
  x64\Release\UIComponent_Logo.obj 
  x64\Release\UIComponent_Panorama.obj 
  x64\Release\UIComponent_Tooltips.obj 
  x64\Release\UIComponent_TutorialPopup.obj 
  x64\Release\UIControl.obj 
  x64\Release\UIControl_Button.obj 
  x64\Release\UIControl_CheckBox.obj 
  x64\Release\UIControl_Cursor.obj 
  x64\Release\UIControl_Label.obj 
  x64\Release\UIControl_PlayerSkinPreview.obj 
  x64\Release\UIControl_Progress.obj 
  x64\Release\UIControl_ButtonList.obj 
  x64\Release\UIControl_Slider.obj 
  x64\Release\UIControl_SlotList.obj 
  x64\Release\UIControl_TextInput.obj 
  x64\Release\UIGroup.obj 
  x64\Release\UILayer.obj 
  x64\Release\UIScene.obj 
  x64\Release\UIScene_AbstractContainerMenu.obj 
  x64\Release\UIScene_BrewingStandMenu.obj 
  x64\Release\UIScene_ConnectingProgress.obj 
  x64\Release\UIScene_ContainerMenu.obj 
  x64\Release\UIScene_CraftingMenu.obj 
  x64\Release\UIScene_CreateWorldMenu.obj 
  x64\Release\UIScene_CreativeMenu.obj 
  x64\Release\UIScene_DeathMenu.obj 
  x64\Release\UIScene_DebugOptions.obj 
  x64\Release\UIScene_DebugOverlay.obj 
  x64\Release\UIScene_DispenserMenu.obj 
  x64\Release\UIScene_EnchantingMenu.obj 
  x64\Release\UIScene_FullscreenProgress.obj 
  x64\Release\UIScene_FurnaceMenu.obj 
  x64\Release\UIScene_HelpAndOptionsMenu.obj 
  x64\Release\UIScene_HowToPlayMenu.obj 
  x64\Release\UIScene_HUD.obj 
  x64\Release\UIScene_Intro.obj 
  x64\Release\UIScene_JoinMenu.obj 
  x64\Release\UIScene_LaunchMoreOptionsMenu.obj 
  x64\Release\UIScene_LoadMenu.obj 
  x64\Release\UIScene_LoadOrJoinMenu.obj 
  x64\Release\UIScene_MainMenu.obj 
  x64\Release\UIScene_InventoryMenu.obj 
  x64\Release\UIScene_NewUpdateMessage.obj 
  x64\Release\UIScene_PauseMenu.obj 
  x64\Release\UIScene_QuadrantSignin.obj 
  x64\Release\UIScene_ReinstallMenu.obj 
  x64\Release\UIScene_SaveMessage.obj 
  x64\Release\UIScene_SettingsAudioMenu.obj 
  x64\Release\UIScene_SettingsControlMenu.obj 
  x64\Release\UIScene_SettingsGraphicsMenu.obj 
  x64\Release\UIScene_SettingsMenu.obj 
  x64\Release\UIScene_SettingsOptionsMenu.obj 
  x64\Release\UIScene_SettingsUIMenu.obj 
  x64\Release\UIScene_SignEntryMenu.obj 
  x64\Release\UIScene_SkinSelectMenu.obj 
  x64\Release\UIScene_TeleportMenu.obj 
  x64\Release\UIScene_Timer.obj 
  x64\Release\UIScene_TradingMenu.obj 
  x64\Release\UIScene_TrialExitUpsell.obj 
  x64\Release\UIString.obj 
  x64\Release\UITTFFont.obj 
  x64\Release\adler32.obj 
  x64\Release\compress.obj 
  x64\Release\crc32.obj 
  x64\Release\deflate.obj 
  x64\Release\gzclose.obj 
  x64\Release\gzlib.obj 
  x64\Release\gzread.obj 
  x64\Release\gzwrite.obj 
  x64\Release\infback.obj 
  x64\Release\inffast.obj 
  x64\Release\inflate.obj 
  x64\Release\inftrees.obj 
  x64\Release\trees.obj 
  x64\Release\uncompr.obj 
  x64\Release\zutil.obj 
  x64\Release\CompassTexture.obj 
  x64\Release\compat_shims.obj 
  x64\Release\ConfirmScreen.obj 
  x64\Release\ConsoleInput.obj 
  x64\Release\ControlsScreen.obj 
  x64\Release\CowModel.obj 
  x64\Release\CowRenderer.obj 
  x64\Release\CreateWorldScreen.obj 
  x64\Release\CreeperModel.obj 
  x64\Release\CreeperRenderer.obj 
  x64\Release\CritParticle.obj 
  x64\Release\CritParticle2.obj 
  x64\Release\Cube.obj 
  x64\Release\DeathScreen.obj 
  x64\Release\DefaultRenderer.obj 
  x64\Release\DefaultTexturePack.obj 
  x64\Release\DemoUser.obj 
  x64\Release\DerivedServerLevel.obj 
  x64\Release\DirtyChunkSorter.obj 
  x64\Release\DispenserBootstrap.obj 
  x64\Release\DistanceChunkSorter.obj 
  x64\Release\DLCTexturePack.obj 
  x64\Release\DragonBreathParticle.obj 
  x64\Release\DragonModel.obj 
  x64\Release\DripParticle.obj 
  x64\Release\EchantmentTableParticle.obj 
  x64\Release\EditBox.obj 
  x64\Release\EnchantTableRenderer.obj 
  x64\Release\EnderChestRenderer.obj 
  x64\Release\EnderCrystalModel.obj 
  x64\Release\EnderCrystalRenderer.obj 
  x64\Release\EnderDragonRenderer.obj 
  x64\Release\EndermanModel.obj 
  x64\Release\EndermanRenderer.obj 
  x64\Release\EnderParticle.obj 
  x64\Release\EntityRenderDispatcher.obj 
  x64\Release\EntityRenderer.obj 
  x64\Release\EntityTileRenderer.obj 
  x64\Release\EntityTracker.obj 
  x64\Release\ErrorScreen.obj 
  x64\Release\ExperienceOrbRenderer.obj 
  x64\Release\ExplodeParticle.obj 
  x64\Release\Extrax64Stubs.obj 
  x64\Release\FallingTileRenderer.obj 
  x64\Release\FileTexturePack.obj 
  x64\Release\FireballRenderer.obj 
  x64\Release\FireworksParticles.obj 
  x64\Release\FishingHookRenderer.obj 
  x64\Release\FlameParticle.obj 
  x64\Release\FolderTexturePack.obj 
  x64\Release\Font.obj 
  x64\Release\FootstepParticle.obj 
  x64\Release\Frustum.obj 
  x64\Release\FrustumCuller.obj 
  x64\Release\FrustumData.obj 
  x64\Release\GameRenderer.obj 
  x64\Release\GhastModel.obj 
  x64\Release\GhastRenderer.obj 
  x64\Release\GiantMobRenderer.obj 
  x64\Release\glWrapper.obj 
  x64\Release\Gui.obj 
  x64\Release\GuiComponent.obj 
  x64\Release\GuiMessage.obj 
  x64\Release\GuiParticle.obj 
  x64\Release\GuiParticles.obj 
  x64\Release\HeartParticle.obj 
  x64\Release\HorseRenderer.obj 
  x64\Release\HttpTexture.obj 
  x64\Release\HugeExplosionParticle.obj 
  x64\Release\HugeExplosionSeedParticle.obj 
  x64\Release\HumanoidMobRenderer.obj 
  x64\Release\HumanoidModel.obj 
  x64\Release\InBedChatScreen.obj 
  x64\Release\Input.obj 
  x64\Release\ItemFrameRenderer.obj 
  x64\Release\ItemInHandRenderer.obj 
  x64\Release\ItemRenderer.obj 
  x64\Release\ItemSpriteRenderer.obj 
  x64\Release\JoinMultiplayerScreen.obj 
  x64\Release\KeyMapping.obj 
  x64\Release\LargeChestModel.obj 
  x64\Release\LavaParticle.obj 
  x64\Release\LavaSlimeModel.obj 
  x64\Release\LavaSlimeRenderer.obj 
  x64\Release\LeashKnotModel.obj 
  x64\Release\LeashKnotRenderer.obj 
  x64\Release\LevelRenderer.obj 
  x64\Release\Lighting.obj 
  x64\Release\LightningBoltRenderer.obj 
  x64\Release\LivingEntityRenderer.obj 
  x64\Release\MemoryTracker.obj 
  x64\Release\MemTexture.obj 
  x64\Release\MinecartModel.obj 
  x64\Release\MinecartRenderer.obj 
  x64\Release\MinecartSpawnerRenderer.obj 
  x64\Release\Minimap.obj 
  x64\Release\MobRenderer.obj 
  x64\Release\MobSkinMemTextureProcessor.obj 
  x64\Release\MobSkinTextureProcessor.obj 
  x64\Release\MobSpawnerRenderer.obj 
  x64\Release\Model.obj 
  x64\Release\ModelHorse.obj 
  x64\Release\ModelPart.obj 
  x64\Release\MushroomCowRenderer.obj 
  x64\Release\NameEntryScreen.obj 
  x64\Release\NoteParticle.obj 
  x64\Release\OffsettedRenderList.obj 
  x64\Release\Options.obj 
  x64\Release\OptionsScreen.obj 
  x64\Release\OcelotModel.obj 
  x64\Release\OcelotRenderer.obj 
  x64\Release\PaintingRenderer.obj 
  x64\Release\Particle.obj 
  x64\Release\ParticleEngine.obj 
  x64\Release\PauseScreen.obj 
  x64\Release\PendingConnection.obj 
  x64\Release\PigModel.obj 
  x64\Release\PigRenderer.obj 
  x64\Release\PistonPieceRenderer.obj 
  x64\Release\PlayerChunkMap.obj 
  x64\Release\PlayerCloudParticle.obj 
  x64\Release\PlayerConnection.obj 
  x64\Release\PlayerList.obj 
  x64\Release\PreStitchedTextureMap.obj 
  x64\Release\ProgressRenderer.obj 
  x64\Release\Rect2i.obj 
  x64\Release\RemotePlayer.obj 
  x64\Release\PlayerRenderer.obj 
  x64\Release\Polygon.obj 
  x64\Release\NetherPortalParticle.obj 
  x64\Release\QuadrupedModel.obj 
  x64\Release\RedDustParticle.obj 
  x64\Release\RenameWorldScreen.obj 
  x64\Release\Screen.obj 
  x64\Release\ScreenSizeCalculator.obj 
  x64\Release\ScrolledSelectionList.obj 
  x64\Release\SelectWorldScreen.obj 
  x64\Release\ServerChunkCache.obj 
  x64\Release\ServerCommandDispatcher.obj 
  x64\Release\ServerConnection.obj 
  x64\Release\ServerPlayerGameMode.obj 
  x64\Release\ServerLevel.obj 
  x64\Release\ServerLevelListener.obj 
  x64\Release\ServerPlayer.obj 
  x64\Release\ServerScoreboard.obj 
  x64\Release\Settings.obj 
  x64\Release\SheepFurModel.obj 
  x64\Release\SheepModel.obj 
  x64\Release\SheepRenderer.obj 
  x64\Release\SignModel.obj 
  x64\Release\SignRenderer.obj 
  x64\Release\SilverfishModel.obj 
  x64\Release\SilverfishRenderer.obj 
  x64\Release\SimpleIcon.obj 
  x64\Release\SkeletonHeadModel.obj 
  x64\Release\SkeletonModel.obj 
  x64\Release\SkeletonRenderer.obj 
  x64\Release\SkiModel.obj 
  x64\Release\SkullTileRenderer.obj 
  x64\Release\SlideButton.obj 
  x64\Release\SlimeModel.obj 
  x64\Release\SlimeRenderer.obj 
  x64\Release\SmallButton.obj 
  x64\Release\SmokeParticle.obj 
  x64\Release\SnowManModel.obj 
  x64\Release\SnowManRenderer.obj 
  x64\Release\SnowShovelParticle.obj 
  x64\Release\SpellParticle.obj 
  x64\Release\SpiderModel.obj 
  x64\Release\SpiderRenderer.obj 
  x64\Release\SplashParticle.obj 
  x64\Release\SquidModel.obj 
  x64\Release\SquidRenderer.obj 
  x64\Release\StatsScreen.obj 
  x64\Release\StatsSyncher.obj 
  x64\Release\stdafx.obj 
  x64\Release\StitchedTexture.obj 
  x64\Release\Stitcher.obj 
  x64\Release\StitchSlot.obj 
  x64\Release\StringTable.obj 
  x64\Release\stubs.obj 
  x64\Release\SuspendedParticle.obj 
  x64\Release\SuspendedTownParticle.obj 
  x64\Release\TakeAnimationParticle.obj 
  x64\Release\TeleportCommand.obj 
  x64\Release\TerrainParticle.obj 
  x64\Release\Tesselator.obj 
  x64\Release\TexOffs.obj 
  x64\Release\Texture.obj 
  x64\Release\TextureAtlas.obj 
  x64\Release\TextureHolder.obj 
  x64\Release\TextureManager.obj 
  x64\Release\TextureMap.obj 
  x64\Release\TexturePack.obj 
  x64\Release\TexturePackRepository.obj 
  x64\Release\Textures.obj 
  x64\Release\TheEndPortalRenderer.obj 
  x64\Release\TileEntityRenderDispatcher.obj 
  x64\Release\TileEntityRenderer.obj 
  x64\Release\TileRenderer.obj 
  x64\Release\Timer.obj 
  x64\Release\TitleScreen.obj 
  x64\Release\TntMinecartRenderer.obj 
  x64\Release\TntRenderer.obj 
  x64\Release\TrackedEntity.obj 
  x64\Release\User.obj 
  x64\Release\Vertex.obj 
  x64\Release\VideoSettingsScreen.obj 
  x64\Release\ViewportCuller.obj 
  x64\Release\VillagerGolemModel.obj 
  x64\Release\VillagerGolemRenderer.obj 
  x64\Release\VillagerModel.obj 
  x64\Release\VillagerRenderer.obj 
  x64\Release\VillagerZombieModel.obj 
  x64\Release\WaterDropParticle.obj 
  x64\Release\gdraw_d3d11.obj 
  x64\Release\WinsockNetLayer.obj 
  x64\Release\Windows64_UIController.obj 
  x64\Release\WitchModel.obj 
  x64\Release\WitchRenderer.obj 
  x64\Release\WitherBossModel.obj 
  x64\Release\WitherBossRenderer.obj 
  x64\Release\WitherSkullRenderer.obj 
  x64\Release\WolfModel.obj 
  x64\Release\WolfRenderer.obj 
  x64\Release\WstringLookup.obj 
  x64\Release\ZombieModel.obj 
  x64\Release\ZombieRenderer.obj 
  x64\Release\ClientConnection.obj 
  x64\Release\UIController.obj 
  x64\Release\Minecraft.obj 
  x64\Release\MinecraftServer.obj 
  x64\Release\MultiPlayerChunkCache.obj 
  x64\Release\MultiPlayerGameMode.obj 
  x64\Release\MultiPlayerLevel.obj 
  x64\Release\MultiPlayerLocalPlayer.obj 
  x64\Release\LocalPlayer.obj 
  x64\Release\ShutdownManager.obj 
  x64\Release\StatsCounter.obj 
  x64\Release\WindowsLeaderboardManager.obj 
  x64\Release\Windows64_App.obj 
  x64\Release\Windows64_Minecraft.obj 
  x64\Release\KeyboardMouseInput.obj 
  x64\Release\NetworkPlayerXbox.obj 
  Windows64\4JLibs\libs\4J_Input.lib 
  Windows64\4JLibs\libs\4J_Render_PC.lib 
  Windows64\4JLibs\libs\4J_Storage.lib 
  Windows64\Iggy\lib\iggyexpruntime_w64.lib 
  Windows64\Iggy\lib\iggyperfmon_w64.lib 
  Windows64\Iggy\lib\iggy_w64.lib 
  Windows64\Miles\lib\mss64.lib 
  x64\Release\iob_shim.obj 
Minecraft.obj : error LNK2001: unresolved external symbol "public: void __cdecl ModLoader::NotifyInit(void)" (?NotifyInit@ModLoader@@QEAAXXZ)
Minecraft.obj : error LNK2001: unresolved external symbol "public: static class ModLoader & __cdecl ModLoader::Get(void)" (?Get@ModLoader@@SAAEAV1@XZ)
MinecraftServer.obj : error LNK2001: unresolved external symbol "public: void __cdecl ModLoader::NotifyUpdate(float)" (?NotifyUpdate@ModLoader@@QEAAXM@Z)
MinecraftServer.obj : error LNK2001: unresolved external symbol "public: void __cdecl ModLoader::Initialize(void)" (?Initialize@ModLoader@@QEAAXXZ)
MinecraftServer.obj : error LNK2001: unresolved external symbol "public: void __cdecl ModLoader::Shutdown(void)" (?Shutdown@ModLoader@@QEAAXXZ)
MinecraftServer.obj : error LNK2001: unresolved external symbol "public: void __cdecl ModLoader::NotifyLevelLoad(int,class ServerLevel *)" (?NotifyLevelLoad@ModLoader@@QEAAXHPEAVServerLevel@@@Z)
S:\lce\fixproj\MinecraftConsoles\x64\Release\Minecraft.Client.exe : fatal error LNK1120: 6 unresolved externals
