s:\github\faucet\minecraft.world\x64_debug\minecraft.world.pch
s:\github\faucet\minecraft.world\x64_debug\stdafx.obj
s:\github\faucet\minecraft.world\x64_debug\minecraft.world.pdb
s:\github\faucet\minecraft.world\x64_debug\abilities.obj
s:\github\faucet\minecraft.world\x64_debug\addglobalentitypacket.obj
s:\github\faucet\minecraft.world\x64_debug\anviltile.obj
s:\github\faucet\minecraft.world\x64_debug\arrowinfiniteenchantment.obj
s:\github\faucet\minecraft.world\x64_debug\arrowknockbackenchantment.obj
s:\github\faucet\minecraft.world\x64_debug\auxdatatileitem.obj
s:\github\faucet\minecraft.world\x64_debug\basepressureplatetile.obj
s:\github\faucet\minecraft.world\x64_debug\beacontileentity.obj
s:\github\faucet\minecraft.world\x64_debug\commandblock.obj
s:\github\faucet\minecraft.world\x64_debug\droppertile.obj
s:\github\faucet\minecraft.world\x64_debug\gamerules.obj
s:\github\faucet\minecraft.world\x64_debug\hayblocktile.obj
s:\github\faucet\minecraft.world\x64_debug\hoppertile.obj
s:\github\faucet\minecraft.world\x64_debug\minecartspawner.obj
s:\github\faucet\minecraft.world\x64_debug\bowitem.obj
s:\github\faucet\minecraft.world\x64_debug\bucketitem.obj
s:\github\faucet\minecraft.world\x64_debug\cauldrontile.obj
s:\github\faucet\minecraft.world\x64_debug\chunkvisibilityareapacket.obj
s:\github\faucet\minecraft.world\x64_debug\clockitem.obj
s:\github\faucet\minecraft.world\x64_debug\poweredmetaltile.obj
s:\github\faucet\minecraft.world\x64_debug\repeatertile.obj
s:\github\faucet\minecraft.world\x64_debug\coalitem.obj
s:\github\faucet\minecraft.world\x64_debug\combatentry.obj
s:\github\faucet\minecraft.world\x64_debug\compassitem.obj
s:\github\faucet\minecraft.world\x64_debug\containerbuttonclickpacket.obj
s:\github\faucet\minecraft.world\x64_debug\containeropenpacket.obj
s:\github\faucet\minecraft.world\x64_debug\controlledbyplayergoal.obj
s:\github\faucet\minecraft.world\x64_debug\entityhorse.obj
s:\github\faucet\minecraft.world\x64_debug\creature.obj
s:\github\faucet\minecraft.world\x64_debug\creeper.obj
s:\github\faucet\minecraft.world\x64_debug\debugoptionspacket.obj
s:\github\faucet\minecraft.world\x64_debug\desertbiome.obj
s:\github\faucet\minecraft.world\x64_debug\direction.obj
s:\github\faucet\minecraft.world\x64_debug\directorylevelstorage.obj
s:\github\faucet\minecraft.world\x64_debug\endereyeitem.obj
s:\github\faucet\minecraft.world\x64_debug\fireaspectenchantment.obj
s:\github\faucet\minecraft.world\x64_debug\firechargeitem.obj
s:\github\faucet\minecraft.world\x64_debug\goldenappleitem.obj
s:\github\faucet\minecraft.world\x64_debug\interactgoal.obj
s:\github\faucet\minecraft.world\x64_debug\jumpcontrol.obj
s:\github\faucet\minecraft.world\x64_debug\kickplayerpacket.obj
s:\github\faucet\minecraft.world\x64_debug\leapattargetgoal.obj
s:\github\faucet\minecraft.world\x64_debug\lookatplayergoal.obj
s:\github\faucet\minecraft.world\x64_debug\merchantcontainer.obj
s:\github\faucet\minecraft.world\x64_debug\merchantresultslot.obj
s:\github\faucet\minecraft.world\x64_debug\movetowardstargetgoal.obj
s:\github\faucet\minecraft.world\x64_debug\mushroomislandbiome.obj
s:\github\faucet\minecraft.world\x64_debug\ocelotsitontilegoal.obj
s:\github\faucet\minecraft.world\x64_debug\potatotile.obj
s:\github\faucet\minecraft.world\x64_debug\rarity.obj
s:\github\faucet\minecraft.world\x64_debug\regionhillslayer.obj
s:\github\faucet\minecraft.world\x64_debug\restrictopendoorgoal.obj
s:\github\faucet\minecraft.world\x64_debug\sensing.obj
s:\github\faucet\minecraft.world\x64_debug\sparsedatastorage.obj
s:\github\faucet\minecraft.world\x64_debug\swellgoal.obj
s:\github\faucet\minecraft.world\x64_debug\tamableanimal.obj
s:\github\faucet\minecraft.world\x64_debug\tripwiretile.obj
s:\github\faucet\minecraft.world\x64_debug\weighedtreasure.obj
s:\github\faucet\minecraft.world\x64_debug\witherboss.obj
s:\github\faucet\minecraft.world\x64_debug\theendportal.obj
s:\github\faucet\minecraft.world\x64_debug\untouchingenchantment.obj
s:\github\faucet\minecraft.world\x64_debug\dyepowderitem.obj
s:\github\faucet\minecraft.world\x64_debug\explosion.obj
s:\github\faucet\minecraft.world\x64_debug\fileoutputstream.obj
s:\github\faucet\minecraft.world\x64_debug\flatlayer.obj
s:\github\faucet\minecraft.world\x64_debug\flintandsteelitem.obj
s:\github\faucet\minecraft.world\x64_debug\foodconstants.obj
s:\github\faucet\minecraft.world\x64_debug\fooddata.obj
s:\github\faucet\minecraft.world\x64_debug\fuzzyzoomlayer.obj
s:\github\faucet\minecraft.world\x64_debug\getinfopacket.obj
s:\github\faucet\minecraft.world\x64_debug\globalentity.obj
s:\github\faucet\minecraft.world\x64_debug\grasscolor.obj
s:\github\faucet\minecraft.world\x64_debug\grasstile.obj
s:\github\faucet\minecraft.world\x64_debug\netherracktile.obj
s:\github\faucet\minecraft.world\x64_debug\hitresult.obj
s:\github\faucet\minecraft.world\x64_debug\hugemushroomfeature.obj
s:\github\faucet\minecraft.world\x64_debug\inputstream.obj
s:\github\faucet\minecraft.world\x64_debug\inputstreamreader.obj
s:\github\faucet\minecraft.world\x64_debug\intcache.obj
s:\github\faucet\minecraft.world\x64_debug\item.obj
s:\github\faucet\minecraft.world\x64_debug\levelconflictexception.obj
s:\github\faucet\minecraft.world\x64_debug\levelchunk.obj
s:\github\faucet\minecraft.world\x64_debug\menubackup.obj
s:\github\faucet\minecraft.world\x64_debug\mineshaftpieces.obj
s:\github\faucet\minecraft.world\x64_debug\mockedlevelstorage.obj
s:\github\faucet\minecraft.world\x64_debug\noteblocktile.obj
s:\github\faucet\minecraft.world\x64_debug\oretile.obj
s:\github\faucet\minecraft.world\x64_debug\path.obj
s:\github\faucet\minecraft.world\x64_debug\perlinnoise.obj
s:\github\faucet\minecraft.world\x64_debug\perlinsimplexnoise.obj
s:\github\faucet\minecraft.world\x64_debug\pig.obj
s:\github\faucet\minecraft.world\x64_debug\portaltile.obj
s:\github\faucet\minecraft.world\x64_debug\randomlevelsource.obj
s:\github\faucet\minecraft.world\x64_debug\removeentitiespacket.obj
s:\github\faucet\minecraft.world\x64_debug\resultcontainer.obj
s:\github\faucet\minecraft.world\x64_debug\riverlayer.obj
s:\github\faucet\minecraft.world\x64_debug\saplingtileitem.obj
s:\github\faucet\minecraft.world\x64_debug\setentitydatapacket.obj
s:\github\faucet\minecraft.world\x64_debug\setentitylinkpacket.obj
s:\github\faucet\minecraft.world\x64_debug\signitem.obj
s:\github\faucet\minecraft.world\x64_debug\smoothstonebricktile.obj
s:\github\faucet\minecraft.world\x64_debug\smoothzoomlayer.obj
s:\github\faucet\minecraft.world\x64_debug\snowballitem.obj
s:\github\faucet\minecraft.world\x64_debug\sprucefeature.obj
s:\github\faucet\minecraft.world\x64_debug\stoneslabtileitem.obj
s:\github\faucet\minecraft.world\x64_debug\swamptreefeature.obj
s:\github\faucet\minecraft.world\x64_debug\temperaturemixerlayer.obj
s:\github\faucet\minecraft.world\x64_debug\threadname.obj
s:\github\faucet\minecraft.world\x64_debug\tile.obj
s:\github\faucet\minecraft.world\x64_debug\vinetile.obj
s:\github\faucet\minecraft.world\x64_debug\waterworkerenchantment.obj
s:\github\faucet\minecraft.world\x64_debug\weaponrecipies.obj
s:\github\faucet\minecraft.world\x64_debug\workbenchtile.obj
s:\github\faucet\minecraft.world\x64_debug\achievement.obj
s:\github\faucet\minecraft.world\x64_debug\addislandlayer.obj
s:\github\faucet\minecraft.world\x64_debug\addsnowlayer.obj
s:\github\faucet\minecraft.world\x64_debug\armordyerecipe.obj
s:\github\faucet\minecraft.world\x64_debug\baseattribute.obj
s:\github\faucet\minecraft.world\x64_debug\basemobspawner.obj
s:\github\faucet\minecraft.world\x64_debug\bedtile.obj
s:\github\faucet\minecraft.world\x64_debug\biomeoverridelayer.obj
s:\github\faucet\minecraft.world\x64_debug\blockreplacements.obj
s:\github\faucet\minecraft.world\x64_debug\boatitem.obj
s:\github\faucet\minecraft.world\x64_debug\droppertileentity.obj
s:\github\faucet\minecraft.world\x64_debug\fireworkschargeitem.obj
s:\github\faucet\minecraft.world\x64_debug\fireworksrocketentity.obj
s:\github\faucet\minecraft.world\x64_debug\htmlstring.obj
s:\github\faucet\minecraft.world\x64_debug\minecartcontainer.obj
s:\github\faucet\minecraft.world\x64_debug\bowlfooditem.obj
s:\github\faucet\minecraft.world\x64_debug\brewingstandtileentity.obj
s:\github\faucet\minecraft.world\x64_debug\cactusfeature.obj
s:\github\faucet\minecraft.world\x64_debug\chatpacket.obj
s:\github\faucet\minecraft.world\x64_debug\chicken.obj
s:\github\faucet\minecraft.world\x64_debug\redstone.obj
s:\github\faucet\minecraft.world\x64_debug\rotatedpillartile.obj
s:\github\faucet\minecraft.world\x64_debug\scoreboard.obj
s:\github\faucet\minecraft.world\x64_debug\stonebuttontile.obj
s:\github\faucet\minecraft.world\x64_debug\team.obj
s:\github\faucet\minecraft.world\x64_debug\woodbuttontile.obj
s:\github\faucet\minecraft.world\x64_debug\cocoatile.obj
s:\github\faucet\minecraft.world\x64_debug\containerclickpacket.obj
s:\github\faucet\minecraft.world\x64_debug\containersetslotpacket.obj
s:\github\faucet\minecraft.world\x64_debug\craftingmenu.obj
s:\github\faucet\minecraft.world\x64_debug\gamemodecommand.obj
s:\github\faucet\minecraft.world\x64_debug\killcommand.obj
s:\github\faucet\minecraft.world\x64_debug\performancetimer.obj
s:\github\faucet\minecraft.world\x64_debug\rangedattribute.obj
s:\github\faucet\minecraft.world\x64_debug\runaroundlikecrazygoal.obj
s:\github\faucet\minecraft.world\x64_debug\tileeditoropenpacket.obj
s:\github\faucet\minecraft.world\x64_debug\timecommand.obj
s:\github\faucet\minecraft.world\x64_debug\diggeritem.obj
s:\github\faucet\minecraft.world\x64_debug\doorinfo.obj
s:\github\faucet\minecraft.world\x64_debug\dragonfireball.obj
s:\github\faucet\minecraft.world\x64_debug\enchantmenthelper.obj
s:\github\faucet\minecraft.world\x64_debug\endercrystal.obj
s:\github\faucet\minecraft.world\x64_debug\goal.obj
s:\github\faucet\minecraft.world\x64_debug\goalselector.obj
s:\github\faucet\minecraft.world\x64_debug\groundbushfeature.obj
s:\github\faucet\minecraft.world\x64_debug\knockbackenchantment.obj
s:\github\faucet\minecraft.world\x64_debug\lavaslime.obj
s:\github\faucet\minecraft.world\x64_debug\merchantrecipe.obj
s:\github\faucet\minecraft.world\x64_debug\milkbucketitem.obj
s:\github\faucet\minecraft.world\x64_debug\mushroomcow.obj
s:\github\faucet\minecraft.world\x64_debug\oxygenenchantment.obj
s:\github\faucet\minecraft.world\x64_debug\ocelot.obj
s:\github\faucet\minecraft.world\x64_debug\anvilmenu.obj
s:\github\faucet\minecraft.world\x64_debug\swampriverslayer.obj
s:\github\faucet\minecraft.world\x64_debug\temptgoal.obj
s:\github\faucet\minecraft.world\x64_debug\tileeventdata.obj
s:\github\faucet\minecraft.world\x64_debug\tripwiresourcetile.obj
s:\github\faucet\minecraft.world\x64_debug\vinesfeature.obj
s:\github\faucet\minecraft.world\x64_debug\witherskull.obj
s:\github\faucet\minecraft.world\x64_debug\theendbiome.obj
s:\github\faucet\minecraft.world\x64_debug\theendportalframetile.obj
s:\github\faucet\minecraft.world\x64_debug\thrownpotion.obj
s:\github\faucet\minecraft.world\x64_debug\entityactionatpositionpacket.obj
s:\github\faucet\minecraft.world\x64_debug\entityio.obj
s:\github\faucet\minecraft.world\x64_debug\flatlevelsource.obj
s:\github\faucet\minecraft.world\x64_debug\furnaceresultslot.obj
s:\github\faucet\minecraft.world\x64_debug\halftransparenttile.obj
s:\github\faucet\minecraft.world\x64_debug\hellfirefeature.obj
s:\github\faucet\minecraft.world\x64_debug\hugemushroomtile.obj
s:\github\faucet\minecraft.world\x64_debug\containermenu.obj
s:\github\faucet\minecraft.world\x64_debug\laddertile.obj
s:\github\faucet\minecraft.world\x64_debug\largefeature.obj
s:\github\faucet\minecraft.world\x64_debug\layer.obj
s:\github\faucet\minecraft.world\x64_debug\levelstorageprofilerdecorator.obj
s:\github\faucet\minecraft.world\x64_debug\lockedchesttile.obj
s:\github\faucet\minecraft.world\x64_debug\materialcolor.obj
s:\github\faucet\minecraft.world\x64_debug\javamath.obj
s:\github\faucet\minecraft.world\x64_debug\mcregionlevelstorage.obj
s:\github\faucet\minecraft.world\x64_debug\minecraft.world.obj
s:\github\faucet\minecraft.world\x64_debug\monsterroomfeature.obj
s:\github\faucet\minecraft.world\x64_debug\nbtio.obj
s:\github\faucet\minecraft.world\x64_debug\notgatetile.obj
s:\github\faucet\minecraft.world\x64_debug\packetlistener.obj
s:\github\faucet\minecraft.world\x64_debug\plainsbiome.obj
s:\github\faucet\minecraft.world\x64_debug\playerinfopacket.obj
s:\github\faucet\minecraft.world\x64_debug\pumpkinfeature.obj
s:\github\faucet\minecraft.world\x64_debug\jukeboxtile.obj
s:\github\faucet\minecraft.world\x64_debug\reedsfeature.obj
s:\github\faucet\minecraft.world\x64_debug\sandstonetile.obj
s:\github\faucet\minecraft.world\x64_debug\sapling.obj
s:\github\faucet\minecraft.world\x64_debug\shapelessrecipy.obj
s:\github\faucet\minecraft.world\x64_debug\simplexnoise.obj
s:\github\faucet\minecraft.world\x64_debug\slime.obj
s:\github\faucet\minecraft.world\x64_debug\stats.obj
s:\github\faucet\minecraft.world\x64_debug\strongholdfeature.obj
s:\github\faucet\minecraft.world\x64_debug\synchedentitydata.obj
s:\github\faucet\minecraft.world\x64_debug\torchtile.obj
s:\github\faucet\minecraft.world\x64_debug\vec3.obj
s:\github\faucet\minecraft.world\x64_debug\villagepieces.obj
s:\github\faucet\minecraft.world\x64_debug\consolesavefileinputstream.obj
s:\github\faucet\minecraft.world\x64_debug\wateranimal.obj
s:\github\faucet\minecraft.world\x64_debug\aabb.obj
s:\github\faucet\minecraft.world\x64_debug\addplayerpacket.obj
s:\github\faucet\minecraft.world\x64_debug\armorrecipes.obj
s:\github\faucet\minecraft.world\x64_debug\arrowfireenchantment.obj
s:\github\faucet\minecraft.world\x64_debug\attackdamagemobeffect.obj
s:\github\faucet\minecraft.world\x64_debug\awardstatpacket.obj
s:\github\faucet\minecraft.world\x64_debug\baseattributemap.obj
s:\github\faucet\minecraft.world\x64_debug\beacontile.obj
s:\github\faucet\minecraft.world\x64_debug\binaryheap.obj
s:\github\faucet\minecraft.world\x64_debug\biomecache.obj
s:\github\faucet\minecraft.world\x64_debug\birchfeature.obj
s:\github\faucet\minecraft.world\x64_debug\bonuschestfeature.obj
s:\github\faucet\minecraft.world\x64_debug\daylightdetectortile.obj
s:\github\faucet\minecraft.world\x64_debug\fireworksrecipe.obj
s:\github\faucet\minecraft.world\x64_debug\hoppermenu.obj
s:\github\faucet\minecraft.world\x64_debug\leashitem.obj
s:\github\faucet\minecraft.world\x64_debug\multientitymobpart.obj
s:\github\faucet\minecraft.world\x64_debug\bottleitem.obj
s:\github\faucet\minecraft.world\x64_debug\brewingstandmenu.obj
s:\github\faucet\minecraft.world\x64_debug\buffer.obj
s:\github\faucet\minecraft.world\x64_debug\bufferedreader.obj
s:\github\faucet\minecraft.world\x64_debug\bytearrayinputstream.obj
s:\github\faucet\minecraft.world\x64_debug\bytearrayoutputstream.obj
s:\github\faucet\minecraft.world\x64_debug\cactustile.obj
s:\github\faucet\minecraft.world\x64_debug\cavespider.obj
s:\github\faucet\minecraft.world\x64_debug\clientcommandpacket.obj
s:\github\faucet\minecraft.world\x64_debug\clientsidemerchant.obj
s:\github\faucet\minecraft.world\x64_debug\poweredrailtile.obj
s:\github\faucet\minecraft.world\x64_debug\structurefeatureio.obj
s:\github\faucet\minecraft.world\x64_debug\commonstats.obj
s:\github\faucet\minecraft.world\x64_debug\complexitemdatapacket.obj
s:\github\faucet\minecraft.world\x64_debug\compoundcontainer.obj
s:\github\faucet\minecraft.world\x64_debug\containerackpacket.obj
s:\github\faucet\minecraft.world\x64_debug\containerclosepacket.obj
s:\github\faucet\minecraft.world\x64_debug\containersetcontentpacket.obj
s:\github\faucet\minecraft.world\x64_debug\craftingcontainer.obj
s:\github\faucet\minecraft.world\x64_debug\defaultgamemodecommand.obj
s:\github\faucet\minecraft.world\x64_debug\effectcommand.obj
s:\github\faucet\minecraft.world\x64_debug\entityselector.obj
s:\github\faucet\minecraft.world\x64_debug\facingenum.obj
s:\github\faucet\minecraft.world\x64_debug\gamecommandpacket.obj
s:\github\faucet\minecraft.world\x64_debug\genericstats.obj
s:\github\faucet\minecraft.world\x64_debug\leashfenceknotentity.obj
s:\github\faucet\minecraft.world\x64_debug\setdisplayobjectivepacket.obj
s:\github\faucet\minecraft.world\x64_debug\setscorepacket.obj
s:\github\faucet\minecraft.world\x64_debug\tradeitempacket.obj
s:\github\faucet\minecraft.world\x64_debug\croptile.obj
s:\github\faucet\minecraft.world\x64_debug\deadbushfeature.obj
s:\github\faucet\minecraft.world\x64_debug\derivedleveldata.obj
s:\github\faucet\minecraft.world\x64_debug\desertwellfeature.obj
s:\github\faucet\minecraft.world\x64_debug\directionaltile.obj
s:\github\faucet\minecraft.world\x64_debug\dirttile.obj
s:\github\faucet\minecraft.world\x64_debug\disconnectpacket.obj
s:\github\faucet\minecraft.world\x64_debug\dispensertile.obj
s:\github\faucet\minecraft.world\x64_debug\enchantmentmenu.obj
s:\github\faucet\minecraft.world\x64_debug\eyeofendersignal.obj
s:\github\faucet\minecraft.world\x64_debug\halfslabtile.obj
s:\github\faucet\minecraft.world\x64_debug\junglebiome.obj
s:\github\faucet\minecraft.world\x64_debug\merchantrecipelist.obj
s:\github\faucet\minecraft.world\x64_debug\moveindoorsgoal.obj
s:\github\faucet\minecraft.world\x64_debug\nearestattackabletargetgoal.obj
s:\github\faucet\minecraft.world\x64_debug\opendoorgoal.obj
s:\github\faucet\minecraft.world\x64_debug\ocelotattackgoal.obj
s:\github\faucet\minecraft.world\x64_debug\potionbrewing.obj
s:\github\faucet\minecraft.world\x64_debug\randomstrollgoal.obj
s:\github\faucet\minecraft.world\x64_debug\repairresultslot.obj
s:\github\faucet\minecraft.world\x64_debug\skulltileentity.obj
s:\github\faucet\minecraft.world\x64_debug\walltile.obj
s:\github\faucet\minecraft.world\x64_debug\woodtile.obj
s:\github\faucet\minecraft.world\x64_debug\theendbiomedecorator.obj
s:\github\faucet\minecraft.world\x64_debug\thrownexpbottle.obj
s:\github\faucet\minecraft.world\x64_debug\emboss.obj
s:\github\faucet\minecraft.world\x64_debug\enderman.obj
s:\github\faucet\minecraft.world\x64_debug\farmtile.obj
s:\github\faucet\minecraft.world\x64_debug\file.obj
s:\github\faucet\minecraft.world\x64_debug\fileinputstream.obj
s:\github\faucet\minecraft.world\x64_debug\fireball.obj
s:\github\faucet\minecraft.world\x64_debug\fooditem.obj
s:\github\faucet\minecraft.world\x64_debug\furnacetileentity.obj
s:\github\faucet\minecraft.world\x64_debug\hellportalfeature.obj
s:\github\faucet\minecraft.world\x64_debug\i18n.obj
s:\github\faucet\minecraft.world\x64_debug\icetile.obj
s:\github\faucet\minecraft.world\x64_debug\itementity.obj
s:\github\faucet\minecraft.world\x64_debug\leaftile.obj
s:\github\faucet\minecraft.world\x64_debug\glowstonetile.obj
s:\github\faucet\minecraft.world\x64_debug\liquidtile.obj
s:\github\faucet\minecraft.world\x64_debug\mapitemsaveddata.obj
s:\github\faucet\minecraft.world\x64_debug\mobcategory.obj
s:\github\faucet\minecraft.world\x64_debug\mobspawnertile.obj
s:\github\faucet\minecraft.world\x64_debug\moveentitypacket.obj
s:\github\faucet\minecraft.world\x64_debug\moveentitypacketsmall.obj
s:\github\faucet\minecraft.world\x64_debug\moveplayerpacket.obj
s:\github\faucet\minecraft.world\x64_debug\mth.obj
s:\github\faucet\minecraft.world\x64_debug\node.obj
s:\github\faucet\minecraft.world\x64_debug\orerecipies.obj
s:\github\faucet\minecraft.world\x64_debug\packet.obj
s:\github\faucet\minecraft.world\x64_debug\baserailtile.obj
s:\github\faucet\minecraft.world\x64_debug\redstoneoretile.obj
s:\github\faucet\minecraft.world\x64_debug\reedtile.obj
s:\github\faucet\minecraft.world\x64_debug\rivermixerlayer.obj
s:\github\faucet\minecraft.world\x64_debug\saveddatastorage.obj
s:\github\faucet\minecraft.world\x64_debug\signtile.obj
s:\github\faucet\minecraft.world\x64_debug\smoothfloat.obj
s:\github\faucet\minecraft.world\x64_debug\smoothlayer.obj
s:\github\faucet\minecraft.world\x64_debug\snowball.obj
s:\github\faucet\minecraft.world\x64_debug\spider.obj
s:\github\faucet\minecraft.world\x64_debug\stonemonstertile.obj
s:\github\faucet\minecraft.world\x64_debug\structurepiece.obj
s:\github\faucet\minecraft.world\x64_debug\temperaturelayer.obj
s:\github\faucet\minecraft.world\x64_debug\thinfencetile.obj
s:\github\faucet\minecraft.world\x64_debug\tileplanteritem.obj
s:\github\faucet\minecraft.world\x64_debug\trapmenu.obj
s:\github\faucet\minecraft.world\x64_debug\villagefeature.obj
s:\github\faucet\minecraft.world\x64_debug\waterlilytileitem.obj
s:\github\faucet\minecraft.world\x64_debug\zombie.obj
s:\github\faucet\minecraft.world\x64_debug\absoptionmobeffect.obj
s:\github\faucet\minecraft.world\x64_debug\addpaintingpacket.obj
s:\github\faucet\minecraft.world\x64_debug\airtile.obj
s:\github\faucet\minecraft.world\x64_debug\animalchest.obj
s:\github\faucet\minecraft.world\x64_debug\animatepacket.obj
s:\github\faucet\minecraft.world\x64_debug\armoritem.obj
s:\github\faucet\minecraft.world\x64_debug\basictypecontainers.obj
s:\github\faucet\minecraft.world\x64_debug\bat.obj
s:\github\faucet\minecraft.world\x64_debug\biomedecorator.obj
s:\github\faucet\minecraft.world\x64_debug\blocksourceimpl.obj
s:\github\faucet\minecraft.world\x64_debug\comparatortile.obj
s:\github\faucet\minecraft.world\x64_debug\flatgeneratorinfo.obj
s:\github\faucet\minecraft.world\x64_debug\largefireball.obj
s:\github\faucet\minecraft.world\x64_debug\minecartrideable.obj
s:\github\faucet\minecraft.world\x64_debug\boundingbox.obj
s:\github\faucet\minecraft.world\x64_debug\brewingstandtile.obj
s:\github\faucet\minecraft.world\x64_debug\bytebuffer.obj
s:\github\faucet\minecraft.world\x64_debug\caketile.obj
s:\github\faucet\minecraft.world\x64_debug\chesttile.obj
s:\github\faucet\minecraft.world\x64_debug\nametagitem.obj
s:\github\faucet\minecraft.world\x64_debug\objectivecriteria.obj
s:\github\faucet\minecraft.world\x64_debug\abstractprojectiledispensebehavior.obj
s:\github\faucet\minecraft.world\x64_debug\snowitem.obj
s:\github\faucet\minecraft.world\x64_debug\combattracker.obj
s:\github\faucet\minecraft.world\x64_debug\containersetdatapacket.obj
s:\github\faucet\minecraft.world\x64_debug\coraltile.obj
s:\github\faucet\minecraft.world\x64_debug\cow.obj
s:\github\faucet\minecraft.world\x64_debug\giveitemcommand.obj
s:\github\faucet\minecraft.world\x64_debug\datainputstream.obj
s:\github\faucet\minecraft.world\x64_debug\datalayer.obj
s:\github\faucet\minecraft.world\x64_debug\dataoutputstream.obj
s:\github\faucet\minecraft.world\x64_debug\deadbushtile.obj
s:\github\faucet\minecraft.world\x64_debug\delayedrelease.obj
s:\github\faucet\minecraft.world\x64_debug\digdurabilityenchantment.obj
s:\github\faucet\minecraft.world\x64_debug\diggingenchantment.obj
s:\github\faucet\minecraft.world\x64_debug\diodetile.obj
s:\github\faucet\minecraft.world\x64_debug\eggtile.obj
s:\github\faucet\minecraft.world\x64_debug\enchantmenttableentity.obj
s:\github\faucet\minecraft.world\x64_debug\endpodiumfeature.obj
s:\github\faucet\minecraft.world\x64_debug\flippedicon.obj
s:\github\faucet\minecraft.world\x64_debug\followownergoal.obj
s:\github\faucet\minecraft.world\x64_debug\hangingentity.obj
s:\github\faucet\minecraft.world\x64_debug\lookattradingplayergoal.obj
s:\github\faucet\minecraft.world\x64_debug\makelovegoal.obj
s:\github\faucet\minecraft.world\x64_debug\spawneggitem.obj
s:\github\faucet\minecraft.world\x64_debug\npc.obj
s:\github\faucet\minecraft.world\x64_debug\offerflowergoal.obj
s:\github\faucet\minecraft.world\x64_debug\panicgoal.obj
s:\github\faucet\minecraft.world\x64_debug\playgoal.obj
s:\github\faucet\minecraft.world\x64_debug\quartzblocktile.obj
s:\github\faucet\minecraft.world\x64_debug\redlighttile.obj
s:\github\faucet\minecraft.world\x64_debug\seedfooditem.obj
s:\github\faucet\minecraft.world\x64_debug\takeflowergoal.obj
s:\github\faucet\minecraft.world\x64_debug\updateattributespacket.obj
s:\github\faucet\minecraft.world\x64_debug\villagesiege.obj
s:\github\faucet\minecraft.world\x64_debug\witch.obj
s:\github\faucet\minecraft.world\x64_debug\snowman.obj
s:\github\faucet\minecraft.world\x64_debug\updategameruleprogresspacket.obj
s:\github\faucet\minecraft.world\x64_debug\doortile.obj
s:\github\faucet\minecraft.world\x64_debug\enemy.obj
s:\github\faucet\minecraft.world\x64_debug\entity.obj
s:\github\faucet\minecraft.world\x64_debug\fixedbiomesource.obj
s:\github\faucet\minecraft.world\x64_debug\flowerfeature.obj
s:\github\faucet\minecraft.world\x64_debug\furnacerecipes.obj
s:\github\faucet\minecraft.world\x64_debug\generalstat.obj
s:\github\faucet\minecraft.world\x64_debug\glasstile.obj
s:\github\faucet\minecraft.world\x64_debug\graveltile.obj
s:\github\faucet\minecraft.world\x64_debug\hatchetitem.obj
s:\github\faucet\minecraft.world\x64_debug\hellspringfeature.obj
s:\github\faucet\minecraft.world\x64_debug\improvednoise.obj
s:\github\faucet\minecraft.world\x64_debug\indirectentitydamagesource.obj
s:\github\faucet\minecraft.world\x64_debug\level.obj
s:\github\faucet\minecraft.world\x64_debug\mob.obj
s:\github\faucet\minecraft.world\x64_debug\pinefeature.obj
s:\github\faucet\minecraft.world\x64_debug\pistontileitem.obj
s:\github\faucet\minecraft.world\x64_debug\pressureplatetile.obj
s:\github\faucet\minecraft.world\x64_debug\rainforestbiome.obj
s:\github\faucet\minecraft.world\x64_debug\recordingitem.obj
s:\github\faucet\minecraft.world\x64_debug\regionfilecache.obj
s:\github\faucet\minecraft.world\x64_debug\rotate.obj
s:\github\faucet\minecraft.world\x64_debug\sandfeature.obj
s:\github\faucet\minecraft.world\x64_debug\setexperiencepacket.obj
s:\github\faucet\minecraft.world\x64_debug\settimepacket.obj
s:\github\faucet\minecraft.world\x64_debug\shearsitem.obj
s:\github\faucet\minecraft.world\x64_debug\signupdatepacket.obj
s:\github\faucet\minecraft.world\x64_debug\simplecontainer.obj
s:\github\faucet\minecraft.world\x64_debug\slot.obj
s:\github\faucet\minecraft.world\x64_debug\snowtile.obj
s:\github\faucet\minecraft.world\x64_debug\squid.obj
s:\github\faucet\minecraft.world\x64_debug\structurefeature.obj
s:\github\faucet\minecraft.world\x64_debug\synth.obj
s:\github\faucet\minecraft.world\x64_debug\system.obj
s:\github\faucet\minecraft.world\x64_debug\takeitementitypacket.obj
s:\github\faucet\minecraft.world\x64_debug\tallgrassfeature.obj
s:\github\faucet\minecraft.world\x64_debug\tileentity.obj
s:\github\faucet\minecraft.world\x64_debug\webtile.obj
s:\github\faucet\minecraft.world\x64_debug\consolesavefileoutputstream.obj
s:\github\faucet\minecraft.world\x64_debug\zoomlayer.obj
s:\github\faucet\minecraft.world\x64_debug\abstractcontainermenu.obj
s:\github\faucet\minecraft.world\x64_debug\armorslot.obj
s:\github\faucet\minecraft.world\x64_debug\beachbiome.obj
s:\github\faucet\minecraft.world\x64_debug\beggoal.obj
s:\github\faucet\minecraft.world\x64_debug\biomeinitlayer.obj
s:\github\faucet\minecraft.world\x64_debug\blockregionupdatepacket.obj
s:\github\faucet\minecraft.world\x64_debug\bookitem.obj
s:\github\faucet\minecraft.world\x64_debug\calendar.obj
s:\github\faucet\minecraft.world\x64_debug\coloredtile.obj
s:\github\faucet\minecraft.world\x64_debug\comparatortileentity.obj
s:\github\faucet\minecraft.world\x64_debug\daylightdetectortileentity.obj
s:\github\faucet\minecraft.world\x64_debug\flatlayerinfo.obj
s:\github\faucet\minecraft.world\x64_debug\healthcriteria.obj
s:\github\faucet\minecraft.world\x64_debug\hoppertileentity.obj
s:\github\faucet\minecraft.world\x64_debug\minecarttnt.obj
s:\github\faucet\minecraft.world\x64_debug\breakdoorgoal.obj
s:\github\faucet\minecraft.world\x64_debug\buttontile.obj
s:\github\faucet\minecraft.world\x64_debug\carrottile.obj
s:\github\faucet\minecraft.world\x64_debug\chesttileentity.obj
s:\github\faucet\minecraft.world\x64_debug\playerteam.obj
s:\github\faucet\minecraft.world\x64_debug\stainedglassblock.obj
s:\github\faucet\minecraft.world\x64_debug\weightedpressureplatetile.obj
s:\github\faucet\minecraft.world\x64_debug\complexitem.obj
s:\github\faucet\minecraft.world\x64_debug\healthboostmobeffect.obj
s:\github\faucet\minecraft.world\x64_debug\levelparticlespacket.obj
s:\github\faucet\minecraft.world\x64_debug\rangedattackgoal.obj
s:\github\faucet\minecraft.world\x64_debug\serversideattributemap.obj
s:\github\faucet\minecraft.world\x64_debug\setplayerteampacket.obj
s:\github\faucet\minecraft.world\x64_debug\toggledownfallcommand.obj
s:\github\faucet\minecraft.world\x64_debug\dimension.obj
s:\github\faucet\minecraft.world\x64_debug\enchantment.obj
s:\github\faucet\minecraft.world\x64_debug\enderchesttileentity.obj
s:\github\faucet\minecraft.world\x64_debug\enderdragon.obj
s:\github\faucet\minecraft.world\x64_debug\icebiome.obj
s:\github\faucet\minecraft.world\x64_debug\itemframe.obj
s:\github\faucet\minecraft.world\x64_debug\merchantmenu.obj
s:\github\faucet\minecraft.world\x64_debug\movetowardsrestrictiongoal.obj
s:\github\faucet\minecraft.world\x64_debug\netherbridgefeature.obj
s:\github\faucet\minecraft.world\x64_debug\ownerhurtbytargetgoal.obj
s:\github\faucet\minecraft.world\x64_debug\playerabilitiespacket.obj
s:\github\faucet\minecraft.world\x64_debug\scatteredfeaturepieces.obj
s:\github\faucet\minecraft.world\x64_debug\tradewithplayergoal.obj
s:\github\faucet\minecraft.world\x64_debug\villages.obj
s:\github\faucet\minecraft.world\x64_debug\woodslabtile.obj
s:\github\faucet\minecraft.world\x64_debug\nethersphere.obj
s:\github\faucet\minecraft.world\x64_debug\textureandgeometrypacket.obj
s:\github\faucet\minecraft.world\x64_debug\theendlevelrandomlevelsource.obj
s:\github\faucet\minecraft.world\x64_debug\dungeonfeature.obj
s:\github\faucet\minecraft.world\x64_debug\entitypos.obj
s:\github\faucet\minecraft.world\x64_debug\baseentitytile.obj
s:\github\faucet\minecraft.world\x64_debug\facing.obj
s:\github\faucet\minecraft.world\x64_debug\fallingtile.obj
s:\github\faucet\minecraft.world\x64_debug\firetile.obj
s:\github\faucet\minecraft.world\x64_debug\foliagecolor.obj
s:\github\faucet\minecraft.world\x64_debug\foodrecipies.obj
s:\github\faucet\minecraft.world\x64_debug\furnacetile.obj
s:\github\faucet\minecraft.world\x64_debug\hasher.obj
s:\github\faucet\minecraft.world\x64_debug\hellbiome.obj
s:\github\faucet\minecraft.world\x64_debug\soulsandtile.obj
s:\github\faucet\minecraft.world\x64_debug\hoeitem.obj
s:\github\faucet\minecraft.world\x64_debug\intbuffer.obj
s:\github\faucet\minecraft.world\x64_debug\inventory.obj
s:\github\faucet\minecraft.world\x64_debug\largehellcavefeature.obj
s:\github\faucet\minecraft.world\x64_debug\leveleventpacket.obj
s:\github\faucet\minecraft.world\x64_debug\levelstorage.obj
s:\github\faucet\minecraft.world\x64_debug\levelsummary.obj
s:\github\faucet\minecraft.world\x64_debug\levertile.obj
s:\github\faucet\minecraft.world\x64_debug\liquidtiledynamic.obj
s:\github\faucet\minecraft.world\x64_debug\material.obj
s:\github\faucet\minecraft.world\x64_debug\mcregionchunkstorage.obj
s:\github\faucet\minecraft.world\x64_debug\mineshaftfeature.obj
s:\github\faucet\minecraft.world\x64_debug\mineshaftstart.obj
s:\github\faucet\minecraft.world\x64_debug\mobeffect.obj
s:\github\faucet\minecraft.world\x64_debug\monster.obj
s:\github\faucet\minecraft.world\x64_debug\obsidiantile.obj
s:\github\faucet\minecraft.world\x64_debug\oldchunkstorage.obj
s:\github\faucet\minecraft.world\x64_debug\pathfindermob.obj
s:\github\faucet\minecraft.world\x64_debug\pistonmovingpiece.obj
s:\github\faucet\minecraft.world\x64_debug\playeractionpacket.obj
s:\github\faucet\minecraft.world\x64_debug\playercommandpacket.obj
s:\github\faucet\minecraft.world\x64_debug\portalforcer.obj
s:\github\faucet\minecraft.world\x64_debug\redstoneitem.obj
s:\github\faucet\minecraft.world\x64_debug\regionfile.obj
s:\github\faucet\minecraft.world\x64_debug\removemobeffectpacket.obj
s:\github\faucet\minecraft.world\x64_debug\riverinitlayer.obj
s:\github\faucet\minecraft.world\x64_debug\saddleitem.obj
s:\github\faucet\minecraft.world\x64_debug\setcarrieditempacket.obj
s:\github\faucet\minecraft.world\x64_debug\setcreativemodeslotpacket.obj
s:\github\faucet\minecraft.world\x64_debug\sethealthpacket.obj
s:\github\faucet\minecraft.world\x64_debug\setspawnpositionpacket.obj
s:\github\faucet\minecraft.world\x64_debug\sharedconstants.obj
s:\github\faucet\minecraft.world\x64_debug\shovelitem.obj
s:\github\faucet\minecraft.world\x64_debug\skeleton.obj
s:\github\faucet\minecraft.world\x64_debug\stat.obj
s:\github\faucet\minecraft.world\x64_debug\stemtile.obj
s:\github\faucet\minecraft.world\x64_debug\structurestart.obj
s:\github\faucet\minecraft.world\x64_debug\tallgrass.obj
s:\github\faucet\minecraft.world\x64_debug\tileitem.obj
s:\github\faucet\minecraft.world\x64_debug\trapdoortile.obj
s:\github\faucet\minecraft.world\x64_debug\watercolor.obj
s:\github\faucet\minecraft.world\x64_debug\waterlevelchunk.obj
s:\github\faucet\minecraft.world\x64_debug\weaponitem.obj
s:\github\faucet\minecraft.world\x64_debug\achievements.obj
s:\github\faucet\minecraft.world\x64_debug\anviltileitem.obj
s:\github\faucet\minecraft.world\x64_debug\arrow.obj
s:\github\faucet\minecraft.world\x64_debug\blockdestructionprogress.obj
s:\github\faucet\minecraft.world\x64_debug\blockgenmethods.obj
s:\github\faucet\minecraft.world\x64_debug\bodycontrol.obj
s:\github\faucet\minecraft.world\x64_debug\bookshelftile.obj
s:\github\faucet\minecraft.world\x64_debug\commandblockentity.obj
s:\github\faucet\minecraft.world\x64_debug\minecarthopper.obj
s:\github\faucet\minecraft.world\x64_debug\breedgoal.obj
s:\github\faucet\minecraft.world\x64_debug\bufferedoutputstream.obj
s:\github\faucet\minecraft.world\x64_debug\bush.obj
s:\github\faucet\minecraft.world\x64_debug\carrotonastickitem.obj
s:\github\faucet\minecraft.world\x64_debug\chunkpos.obj
s:\github\faucet\minecraft.world\x64_debug\chunkvisibilitypacket.obj
s:\github\faucet\minecraft.world\x64_debug\claytile.obj
s:\github\faucet\minecraft.world\x64_debug\clothdyerecipes.obj
s:\github\faucet\minecraft.world\x64_debug\simplefoileditem.obj
s:\github\faucet\minecraft.world\x64_debug\stainedglasspaneblock.obj
s:\github\faucet\minecraft.world\x64_debug\wooltileitem.obj
s:\github\faucet\minecraft.world\x64_debug\commanddispatcher.obj
s:\github\faucet\minecraft.world\x64_debug\consolesavefileconverter.obj
s:\github\faucet\minecraft.world\x64_debug\defaultdispenseitembehavior.obj
s:\github\faucet\minecraft.world\x64_debug\experiencecommand.obj
s:\github\faucet\minecraft.world\x64_debug\livingentity.obj
s:\github\faucet\minecraft.world\x64_debug\eattilegoal.obj
s:\github\faucet\minecraft.world\x64_debug\enchantmentcontainer.obj
s:\github\faucet\minecraft.world\x64_debug\enchantmenttabletile.obj
s:\github\faucet\minecraft.world\x64_debug\experienceitem.obj
s:\github\faucet\minecraft.world\x64_debug\fleesungoal.obj
s:\github\faucet\minecraft.world\x64_debug\golem.obj
s:\github\faucet\minecraft.world\x64_debug\growmushroomislandlayer.obj
s:\github\faucet\minecraft.world\x64_debug\hangingentityitem.obj
s:\github\faucet\minecraft.world\x64_debug\lookcontrol.obj
s:\github\faucet\minecraft.world\x64_debug\megatreefeature.obj
s:\github\faucet\minecraft.world\x64_debug\movethroughvillagegoal.obj
s:\github\faucet\minecraft.world\x64_debug\netherbridgepieces.obj
s:\github\faucet\minecraft.world\x64_debug\protectionenchantment.obj
s:\github\faucet\minecraft.world\x64_debug\randomlookaroundgoal.obj
s:\github\faucet\minecraft.world\x64_debug\randomscatteredlargefeature.obj
s:\github\faucet\minecraft.world\x64_debug\rotateheadpacket.obj
s:\github\faucet\minecraft.world\x64_debug\sitgoal.obj
s:\github\faucet\minecraft.world\x64_debug\targetgoal.obj
s:\github\faucet\minecraft.world\x64_debug\village.obj
s:\github\faucet\minecraft.world\x64_debug\c4jthread.obj
s:\github\faucet\minecraft.world\x64_debug\woolcarpettile.obj
s:\github\faucet\minecraft.world\x64_debug\textureandgeometrychangepacket.obj
s:\github\faucet\minecraft.world\x64_debug\theenddimension.obj
s:\github\faucet\minecraft.world\x64_debug\tileentitydatapacket.obj
s:\github\faucet\minecraft.world\x64_debug\dooritem.obj
s:\github\faucet\minecraft.world\x64_debug\entityeventpacket.obj
s:\github\faucet\minecraft.world\x64_debug\experienceorb.obj
s:\github\faucet\minecraft.world\x64_debug\fastnoise.obj
s:\github\faucet\minecraft.world\x64_debug\fencetile.obj
s:\github\faucet\minecraft.world\x64_debug\fishinghook.obj
s:\github\faucet\minecraft.world\x64_debug\forestbiome.obj
s:\github\faucet\minecraft.world\x64_debug\gameeventpacket.obj
s:\github\faucet\minecraft.world\x64_debug\giant.obj
s:\github\faucet\minecraft.world\x64_debug\helldimension.obj
s:\github\faucet\minecraft.world\x64_debug\interactpacket.obj
s:\github\faucet\minecraft.world\x64_debug\iteminstance.obj
s:\github\faucet\minecraft.world\x64_debug\levelsettings.obj
s:\github\faucet\minecraft.world\x64_debug\liquidtilestatic.obj
s:\github\faucet\minecraft.world\x64_debug\mapitem.obj
s:\github\faucet\minecraft.world\x64_debug\musictileentity.obj
s:\github\faucet\minecraft.world\x64_debug\painting.obj
s:\github\faucet\minecraft.world\x64_debug\pigzombie.obj
s:\github\faucet\minecraft.world\x64_debug\player.obj
s:\github\faucet\minecraft.world\x64_debug\resultslot.obj
s:\github\faucet\minecraft.world\x64_debug\serversettingschangedpacket.obj
s:\github\faucet\minecraft.world\x64_debug\setentitymotionpacket.obj
s:\github\faucet\minecraft.world\x64_debug\shapedrecipy.obj
s:\github\faucet\minecraft.world\x64_debug\silverfish.obj
s:\github\faucet\minecraft.world\x64_debug\socket.obj
s:\github\faucet\minecraft.world\x64_debug\springfeature.obj
s:\github\faucet\minecraft.world\x64_debug\stoneslabtile.obj
s:\github\faucet\minecraft.world\x64_debug\swampbiome.obj
s:\github\faucet\minecraft.world\x64_debug\taigabiome.obj
s:\github\faucet\minecraft.world\x64_debug\texturepacket.obj
s:\github\faucet\minecraft.world\x64_debug\ticknexttickdata.obj
s:\github\faucet\minecraft.world\x64_debug\tilepos.obj
s:\github\faucet\minecraft.world\x64_debug\tileupdatepacket.obj
s:\github\faucet\minecraft.world\x64_debug\transparenttile.obj
s:\github\faucet\minecraft.world\x64_debug\updatemobeffectpacket.obj
s:\github\faucet\minecraft.world\x64_debug\useitempacket.obj
s:\github\faucet\minecraft.world\x64_debug\voronoizoom.obj
s:\github\faucet\minecraft.world\x64_debug\waterlilyfeature.obj
s:\github\faucet\minecraft.world\x64_debug\wolf.obj
s:\github\faucet\minecraft.world\x64_debug\addexperienceorbpacket.obj
s:\github\faucet\minecraft.world\x64_debug\addmobpacket.obj
s:\github\faucet\minecraft.world\x64_debug\agablemob.obj
s:\github\faucet\minecraft.world\x64_debug\arrowdamageenchantment.obj
s:\github\faucet\minecraft.world\x64_debug\attribute.obj
s:\github\faucet\minecraft.world\x64_debug\attributemodifier.obj
s:\github\faucet\minecraft.world\x64_debug\avoidplayergoal.obj
s:\github\faucet\minecraft.world\x64_debug\beaconmenu.obj
s:\github\faucet\minecraft.world\x64_debug\biome.obj
s:\github\faucet\minecraft.world\x64_debug\blaze.obj
s:\github\faucet\minecraft.world\x64_debug\dummycriteria.obj
s:\github\faucet\minecraft.world\x64_debug\fireworksitem.obj
s:\github\faucet\minecraft.world\x64_debug\horseinventorymenu.obj
s:\github\faucet\minecraft.world\x64_debug\minecartfurnace.obj
s:\github\faucet\minecraft.world\x64_debug\cavefeature.obj
s:\github\faucet\minecraft.world\x64_debug\class.obj
s:\github\faucet\minecraft.world\x64_debug\clayfeature.obj
s:\github\faucet\minecraft.world\x64_debug\railtile.obj
s:\github\faucet\minecraft.world\x64_debug\score.obj
s:\github\faucet\minecraft.world\x64_debug\structurefeaturesaveddata.obj
s:\github\faucet\minecraft.world\x64_debug\color.obj
s:\github\faucet\minecraft.world\x64_debug\coloredtileitem.obj
s:\github\faucet\minecraft.world\x64_debug\compressedtilestorage.obj
s:\github\faucet\minecraft.world\x64_debug\connection.obj
s:\github\faucet\minecraft.world\x64_debug\modifiableattributeinstance.obj
s:\github\faucet\minecraft.world\x64_debug\setobjectivepacket.obj
s:\github\faucet\minecraft.world\x64_debug\sharedmonsterattributes.obj
s:\github\faucet\minecraft.world\x64_debug\craftitempacket.obj
s:\github\faucet\minecraft.world\x64_debug\custompayloadpacket.obj
s:\github\faucet\minecraft.world\x64_debug\damageenchantment.obj
s:\github\faucet\minecraft.world\x64_debug\damagesource.obj
s:\github\faucet\minecraft.world\x64_debug\dispensertileentity.obj
s:\github\faucet\minecraft.world\x64_debug\enchantedbookitem.obj
s:\github\faucet\minecraft.world\x64_debug\enderpearlitem.obj
s:\github\faucet\minecraft.world\x64_debug\feature.obj
s:\github\faucet\minecraft.world\x64_debug\floatgoal.obj
s:\github\faucet\minecraft.world\x64_debug\followparentgoal.obj
s:\github\faucet\minecraft.world\x64_debug\hellflatlevelsource.obj
s:\github\faucet\minecraft.world\x64_debug\lootbonusenchantment.obj
s:\github\faucet\minecraft.world\x64_debug\meleeattackgoal.obj
s:\github\faucet\minecraft.world\x64_debug\movecontrol.obj
s:\github\faucet\minecraft.world\x64_debug\multitexturetileitem.obj
s:\github\faucet\minecraft.world\x64_debug\myceltile.obj
s:\github\faucet\minecraft.world\x64_debug\nontamerandomtargetgoal.obj
s:\github\faucet\minecraft.world\x64_debug\ownerhurttargetgoal.obj
s:\github\faucet\minecraft.world\x64_debug\playerenderchestcontainer.obj
s:\github\faucet\minecraft.world\x64_debug\potionitem.obj
s:\github\faucet\minecraft.world\x64_debug\skullitem.obj
s:\github\faucet\minecraft.world\x64_debug\thornsenchantment.obj
s:\github\faucet\minecraft.world\x64_debug\villagergolem.obj
s:\github\faucet\minecraft.world\x64_debug\shorelayer.obj
s:\github\faucet\minecraft.world\x64_debug\spikefeature.obj
s:\github\faucet\minecraft.world\x64_debug\theendportaltileentity.obj
s:\github\faucet\minecraft.world\x64_debug\thrownenderpearl.obj
s:\github\faucet\minecraft.world\x64_debug\distort.obj
s:\github\faucet\minecraft.world\x64_debug\downfalllayer.obj
s:\github\faucet\minecraft.world\x64_debug\eggitem.obj
s:\github\faucet\minecraft.world\x64_debug\explodepacket.obj
s:\github\faucet\minecraft.world\x64_debug\fencegatetile.obj
s:\github\faucet\minecraft.world\x64_debug\fileheader.obj
s:\github\faucet\minecraft.world\x64_debug\fishingroditem.obj
s:\github\faucet\minecraft.world\x64_debug\hellrandomlevelsource.obj
s:\github\faucet\minecraft.world\x64_debug\instantenousmobeffect.obj
s:\github\faucet\minecraft.world\x64_debug\islandlayer.obj
s:\github\faucet\minecraft.world\x64_debug\itemstat.obj
s:\github\faucet\minecraft.world\x64_debug\keepalivepacket.obj
s:\github\faucet\minecraft.world\x64_debug\lakefeature.obj
s:\github\faucet\minecraft.world\x64_debug\leaftileitem.obj
s:\github\faucet\minecraft.world\x64_debug\leveltype.obj
s:\github\faucet\minecraft.world\x64_debug\lightningbolt.obj
s:\github\faucet\minecraft.world\x64_debug\mcregionlevelstoragesource.obj
s:\github\faucet\minecraft.world\x64_debug\minecartitem.obj
s:\github\faucet\minecraft.world\x64_debug\mobeffectinstance.obj
s:\github\faucet\minecraft.world\x64_debug\mobspawner.obj
s:\github\faucet\minecraft.world\x64_debug\mushroom.obj
s:\github\faucet\minecraft.world\x64_debug\orefeature.obj
s:\github\faucet\minecraft.world\x64_debug\pathfinder.obj
s:\github\faucet\minecraft.world\x64_debug\pistonextensiontile.obj
s:\github\faucet\minecraft.world\x64_debug\pistonpieceentity.obj
s:\github\faucet\minecraft.world\x64_debug\pos.obj
s:\github\faucet\minecraft.world\x64_debug\primedtnt.obj
s:\github\faucet\minecraft.world\x64_debug\random.obj
s:\github\faucet\minecraft.world\x64_debug\recipes.obj
s:\github\faucet\minecraft.world\x64_debug\region.obj
s:\github\faucet\minecraft.world\x64_debug\heavytile.obj
s:\github\faucet\minecraft.world\x64_debug\setequippeditempacket.obj
s:\github\faucet\minecraft.world\x64_debug\sheep.obj
s:\github\faucet\minecraft.world\x64_debug\sponge.obj
s:\github\faucet\minecraft.world\x64_debug\stairtile.obj
s:\github\faucet\minecraft.world\x64_debug\stonetile.obj
s:\github\faucet\minecraft.world\x64_debug\stringhelpers.obj
s:\github\faucet\minecraft.world\x64_debug\structurerecipies.obj
s:\github\faucet\minecraft.world\x64_debug\tag.obj
s:\github\faucet\minecraft.world\x64_debug\teleportentitypacket.obj
s:\github\faucet\minecraft.world\x64_debug\texturechangepacket.obj
s:\github\faucet\minecraft.world\x64_debug\thrownegg.obj
s:\github\faucet\minecraft.world\x64_debug\tnttile.obj
s:\github\faucet\minecraft.world\x64_debug\treefeature.obj
s:\github\faucet\minecraft.world\x64_debug\waterlilytile.obj
s:\github\faucet\minecraft.world\x64_debug\weighedrandom.obj
s:\github\faucet\minecraft.world\x64_debug\treetile.obj
s:\github\faucet\minecraft.world\x64_debug\addentitypacket.obj
s:\github\faucet\minecraft.world\x64_debug\addmushroomislandlayer.obj
s:\github\faucet\minecraft.world\x64_debug\ambientcreature.obj
s:\github\faucet\minecraft.world\x64_debug\animal.obj
s:\github\faucet\minecraft.world\x64_debug\basictree.obj
s:\github\faucet\minecraft.world\x64_debug\beditem.obj
s:\github\faucet\minecraft.world\x64_debug\biomesource.obj
s:\github\faucet\minecraft.world\x64_debug\boat.obj
s:\github\faucet\minecraft.world\x64_debug\emptymapitem.obj
s:\github\faucet\minecraft.world\x64_debug\fireworksmenu.obj
s:\github\faucet\minecraft.world\x64_debug\minecartchest.obj
s:\github\faucet\minecraft.world\x64_debug\canyonfeature.obj
s:\github\faucet\minecraft.world\x64_debug\chunkstorageprofiledecorator.obj
s:\github\faucet\minecraft.world\x64_debug\chunktilesupdatepacket.obj
s:\github\faucet\minecraft.world\x64_debug\objective.obj
s:\github\faucet\minecraft.world\x64_debug\itemdispensebehaviors.obj
s:\github\faucet\minecraft.world\x64_debug\command.obj
s:\github\faucet\minecraft.world\x64_debug\compression.obj
s:\github\faucet\minecraft.world\x64_debug\consolesavefileoriginal.obj
s:\github\faucet\minecraft.world\x64_debug\behaviorregistry.obj
s:\github\faucet\minecraft.world\x64_debug\dispenseitembehavior.obj
s:\github\faucet\minecraft.world\x64_debug\enchantitemcommand.obj
s:\github\faucet\minecraft.world\x64_debug\customlevelsource.obj
s:\github\faucet\minecraft.world\x64_debug\defendvillagetargetgoal.obj
s:\github\faucet\minecraft.world\x64_debug\detectorrailtile.obj
s:\github\faucet\minecraft.world\x64_debug\directorylevelstoragesource.obj
s:\github\faucet\minecraft.world\x64_debug\doorinteractgoal.obj
s:\github\faucet\minecraft.world\x64_debug\enchantmentcategory.obj
s:\github\faucet\minecraft.world\x64_debug\enchantmentinstance.obj
s:\github\faucet\minecraft.world\x64_debug\enderchesttile.obj
s:\github\faucet\minecraft.world\x64_debug\extremehillsbiome.obj
s:\github\faucet\minecraft.world\x64_debug\flowerpottile.obj
s:\github\faucet\minecraft.world\x64_debug\hurtbytargetgoal.obj
s:\github\faucet\minecraft.world\x64_debug\levelsoundpacket.obj
s:\github\faucet\minecraft.world\x64_debug\netherwarttile.obj
s:\github\faucet\minecraft.world\x64_debug\pathnavigation.obj
s:\github\faucet\minecraft.world\x64_debug\randompos.obj
s:\github\faucet\minecraft.world\x64_debug\repaircontainer.obj
s:\github\faucet\minecraft.world\x64_debug\restrictsungoal.obj
s:\github\faucet\minecraft.world\x64_debug\skulltile.obj
s:\github\faucet\minecraft.world\x64_debug\tiledestructionpacket.obj
s:\github\faucet\minecraft.world\x64_debug\xzpacket.obj
s:\github\faucet\minecraft.world\x64_debug\sparselightstorage.obj
s:\github\faucet\minecraft.world\x64_debug\smallfireball.obj
s:\github\faucet\minecraft.world\x64_debug\throwable.obj
s:\github\faucet\minecraft.world\x64_debug\downfallmixerlayer.obj
s:\github\faucet\minecraft.world\x64_debug\emptylevelchunk.obj
s:\github\faucet\minecraft.world\x64_debug\entitydamagesource.obj
s:\github\faucet\minecraft.world\x64_debug\floatbuffer.obj
s:\github\faucet\minecraft.world\x64_debug\flyingmob.obj
s:\github\faucet\minecraft.world\x64_debug\furnacemenu.obj
s:\github\faucet\minecraft.world\x64_debug\ghast.obj
s:\github\faucet\minecraft.world\x64_debug\housefeature.obj
s:\github\faucet\minecraft.world\x64_debug\inventorymenu.obj
s:\github\faucet\minecraft.world\x64_debug\language.obj
s:\github\faucet\minecraft.world\x64_debug\largecavefeature.obj
s:\github\faucet\minecraft.world\x64_debug\leveldata.obj
s:\github\faucet\minecraft.world\x64_debug\lightgemfeature.obj
s:\github\faucet\minecraft.world\x64_debug\loginpacket.obj
s:\github\faucet\minecraft.world\x64_debug\melontile.obj
s:\github\faucet\minecraft.world\x64_debug\metaltile.obj
s:\github\faucet\minecraft.world\x64_debug\minecart.obj
s:\github\faucet\minecraft.world\x64_debug\mobspawnertileentity.obj
s:\github\faucet\minecraft.world\x64_debug\pickaxeitem.obj
s:\github\faucet\minecraft.world\x64_debug\pistonbasetile.obj
s:\github\faucet\minecraft.world\x64_debug\playerinputpacket.obj
s:\github\faucet\minecraft.world\x64_debug\preloginpacket.obj
s:\github\faucet\minecraft.world\x64_debug\pumpkintile.obj
s:\github\faucet\minecraft.world\x64_debug\redstonedusttile.obj
s:\github\faucet\minecraft.world\x64_debug\respawnpacket.obj
s:\github\faucet\minecraft.world\x64_debug\saveddata.obj
s:\github\faucet\minecraft.world\x64_debug\scale.obj
s:\github\faucet\minecraft.world\x64_debug\seeditem.obj
s:\github\faucet\minecraft.world\x64_debug\signtileentity.obj
s:\github\faucet\minecraft.world\x64_debug\strongholdpieces.obj
s:\github\faucet\minecraft.world\x64_debug\tileeventpacket.obj
s:\github\faucet\minecraft.world\x64_debug\toolrecipies.obj
s:\github\faucet\minecraft.world\x64_debug\topsnowtile.obj
s:\github\faucet\minecraft.world\x64_debug\updateprogresspacket.obj
s:\github\faucet\minecraft.world\x64_debug\villager.obj
s:\github\faucet\minecraft.world\x64_debug\minecraft.world.lib
s:\github\faucet\minecraft.world\\x64_debug\minecraft.world.pdb
s:\github\faucet\minecraft.world\x64_debug\minecraft.world.tlog\cl.command.1.tlog
s:\github\faucet\minecraft.world\x64_debug\minecraft.world.tlog\cl.items.tlog
s:\github\faucet\minecraft.world\x64_debug\minecraft.world.tlog\cl.read.1.tlog
s:\github\faucet\minecraft.world\x64_debug\minecraft.world.tlog\cl.write.1.tlog
s:\github\faucet\minecraft.world\x64_debug\minecraft.world.tlog\lib-link.read.1.tlog
s:\github\faucet\minecraft.world\x64_debug\minecraft.world.tlog\lib-link.write.1.tlog
s:\github\faucet\minecraft.world\x64_debug\minecraft.world.tlog\lib.command.1.tlog
