s:\github\faucet\minecraft.client\x64\debug\batrenderer.obj
s:\github\faucet\minecraft.client\x64\debug\boatrenderer.obj
s:\github\faucet\minecraft.client\x64\debug\chatscreen.obj
s:\github\faucet\minecraft.client\x64\debug\clientconnection.obj
s:\github\faucet\minecraft.client\x64\debug\tutorialhint.obj
s:\github\faucet\minecraft.client\x64\debug\iuiscene_brewingmenu.obj
s:\github\faucet\minecraft.client\x64\debug\iuiscene_commandblockmenu.obj
s:\github\faucet\minecraft.client\x64\debug\uiscene_beaconmenu.obj
s:\github\faucet\minecraft.client\x64\debug\uicontrol_base.obj
s:\github\faucet\minecraft.client\x64\debug\uicontrol_minecraftplayer.obj
s:\github\faucet\minecraft.client\x64\debug\uiscene_debugcreateschematic.obj
s:\github\faucet\minecraft.client\x64\debug\uiscene_languageselector.obj
s:\github\faucet\minecraft.client\x64\debug\uicomponent_logo.obj
s:\github\faucet\minecraft.client\x64\debug\uicontrol_button.obj
s:\github\faucet\minecraft.client\x64\debug\uicontrol_slider.obj
s:\github\faucet\minecraft.client\x64\debug\uiscene_connectingprogress.obj
s:\github\faucet\minecraft.client\x64\debug\uiscene_dispensermenu.obj
s:\github\faucet\minecraft.client\x64\debug\uiscene_joinmenu.obj
s:\github\faucet\minecraft.client\x64\debug\uiscene_pausemenu.obj
s:\github\faucet\minecraft.client\x64\debug\uiscene_settingsgraphicsmenu.obj
s:\github\faucet\minecraft.client\x64\debug\uiscene_tradingmenu.obj
s:\github\faucet\minecraft.client\x64\debug\cube.obj
s:\github\faucet\minecraft.client\x64\debug\demouser.obj
s:\github\faucet\minecraft.client\x64\debug\derivedserverlevel.obj
s:\github\faucet\minecraft.client\x64\debug\endermanmodel.obj
s:\github\faucet\minecraft.client\x64\debug\entityrenderer.obj
s:\github\faucet\minecraft.client\x64\debug\flameparticle.obj
s:\github\faucet\minecraft.client\x64\debug\foldertexturepack.obj
s:\github\faucet\minecraft.client\x64\debug\frustum.obj
s:\github\faucet\minecraft.client\x64\debug\frustumculler.obj
s:\github\faucet\minecraft.client\x64\debug\gamerenderer.obj
s:\github\faucet\minecraft.client\x64\debug\levelrenderer.obj
s:\github\faucet\minecraft.client\x64\debug\ocelotmodel.obj
s:\github\faucet\minecraft.client\x64\debug\paintingrenderer.obj
s:\github\faucet\minecraft.client\x64\debug\pigmodel.obj
s:\github\faucet\minecraft.client\x64\debug\pigrenderer.obj
s:\github\faucet\minecraft.client\x64\debug\playercloudparticle.obj
s:\github\faucet\minecraft.client\x64\debug\playerlist.obj
s:\github\faucet\minecraft.client\x64\debug\settings.obj
s:\github\faucet\minecraft.client\x64\debug\sheeprenderer.obj
s:\github\faucet\minecraft.client\x64\debug\silverfishrenderer.obj
s:\github\faucet\minecraft.client\x64\debug\skeletonrenderer.obj
s:\github\faucet\minecraft.client\x64\debug\slimemodel.obj
s:\github\faucet\minecraft.client\x64\debug\smokeparticle.obj
s:\github\faucet\minecraft.client\x64\debug\spellparticle.obj
s:\github\faucet\minecraft.client\x64\debug\splashparticle.obj
s:\github\faucet\minecraft.client\x64\debug\squidmodel.obj
s:\github\faucet\minecraft.client\x64\debug\statssyncher.obj
s:\github\faucet\minecraft.client\x64\debug\stitchedtexture.obj
s:\github\faucet\minecraft.client\x64\debug\stubs.obj
s:\github\faucet\minecraft.client\x64\debug\suspendedtownparticle.obj
s:\github\faucet\minecraft.client\x64\debug\tesselator.obj
s:\github\faucet\minecraft.client\x64\debug\textureholder.obj
s:\github\faucet\minecraft.client\x64\debug\theendportalrenderer.obj
s:\github\faucet\minecraft.client\x64\debug\titlescreen.obj
s:\github\faucet\minecraft.client\x64\debug\trackedentity.obj
s:\github\faucet\minecraft.client\x64\debug\batmodel.obj
s:\github\faucet\minecraft.client\x64\debug\blazerenderer.obj
s:\github\faucet\minecraft.client\x64\debug\button.obj
s:\github\faucet\minecraft.client\x64\debug\cavespiderrenderer.obj
s:\github\faucet\minecraft.client\x64\debug\chestmodel.obj
s:\github\faucet\minecraft.client\x64\debug\chunk.obj
s:\github\faucet\minecraft.client\x64\debug\applyschematicruledefinition.obj
s:\github\faucet\minecraft.client\x64\debug\levelgenerators.obj
s:\github\faucet\minecraft.client\x64\debug\levelrules.obj
s:\github\faucet\minecraft.client\x64\debug\levelruleset.obj
s:\github\faucet\minecraft.client\x64\debug\startfeature.obj
s:\github\faucet\minecraft.client\x64\debug\usetileruledefinition.obj
s:\github\faucet\minecraft.client\x64\debug\consoleschematicfile.obj
s:\github\faucet\minecraft.client\x64\debug\trialmode.obj
s:\github\faucet\minecraft.client\x64\debug\areaconstraint.obj
s:\github\faucet\minecraft.client\x64\debug\choicetask.obj
s:\github\faucet\minecraft.client\x64\debug\diggeritemhint.obj
s:\github\faucet\minecraft.client\x64\debug\progressflagtask.obj
s:\github\faucet\minecraft.client\x64\debug\rideentitytask.obj
s:\github\faucet\minecraft.client\x64\debug\takeitemhint.obj
s:\github\faucet\minecraft.client\x64\debug\useitemtask.obj
s:\github\faucet\minecraft.client\x64\debug\iuiscene_abstractcontainermenu.obj
s:\github\faucet\minecraft.client\x64\debug\iuiscene_craftingmenu.obj
s:\github\faucet\minecraft.client\x64\debug\iuiscene_hoppermenu.obj
s:\github\faucet\minecraft.client\x64\debug\iuiscene_pausemenu.obj
s:\github\faucet\minecraft.client\x64\debug\uicomponent_pressstarttoplay.obj
s:\github\faucet\minecraft.client\x64\debug\uicontrol_leaderboardlist.obj
s:\github\faucet\minecraft.client\x64\debug\uiscene_anvilmenu.obj
s:\github\faucet\minecraft.client\x64\debug\uiscene_ingamehostoptionsmenu.obj
s:\github\faucet\minecraft.client\x64\debug\uicontroller.obj
s:\github\faucet\minecraft.client\x64\debug\uiscene_abstractcontainermenu.obj
s:\github\faucet\minecraft.client\x64\debug\uiscene_deathmenu.obj
s:\github\faucet\minecraft.client\x64\debug\uiscene_furnacemenu.obj
s:\github\faucet\minecraft.client\x64\debug\uiscene_loadorjoinmenu.obj
s:\github\faucet\minecraft.client\x64\debug\uiscene_settingsmenu.obj
s:\github\faucet\minecraft.client\x64\debug\uiscene_trialexitupsell.obj
s:\github\faucet\minecraft.client\x64\debug\createworldscreen.obj
s:\github\faucet\minecraft.client\x64\debug\echantmenttableparticle.obj
s:\github\faucet\minecraft.client\x64\debug\enchanttablerenderer.obj
s:\github\faucet\minecraft.client\x64\debug\enderparticle.obj
s:\github\faucet\minecraft.client\x64\debug\entitytilerenderer.obj
s:\github\faucet\minecraft.client\x64\debug\fishinghookrenderer.obj
s:\github\faucet\minecraft.client\x64\debug\footstepparticle.obj
s:\github\faucet\minecraft.client\x64\debug\heartparticle.obj
s:\github\faucet\minecraft.client\x64\debug\humanoidmodel.obj
s:\github\faucet\minecraft.client\x64\debug\input.obj
s:\github\faucet\minecraft.client\x64\debug\itemspriterenderer.obj
s:\github\faucet\minecraft.client\x64\debug\lavaslimemodel.obj
s:\github\faucet\minecraft.client\x64\debug\livingentityrenderer.obj
s:\github\faucet\minecraft.client\x64\debug\mobrenderer.obj
s:\github\faucet\minecraft.client\x64\debug\modstartup.obj
s:\github\faucet\minecraft.client\x64\debug\multiplayerlevel.obj
s:\github\faucet\minecraft.client\x64\debug\playerchunkmap.obj
s:\github\faucet\minecraft.client\x64\debug\serverlevellistener.obj
s:\github\faucet\minecraft.client\x64\debug\skeletonmodel.obj
s:\github\faucet\minecraft.client\x64\debug\skulltilerenderer.obj
s:\github\faucet\minecraft.client\x64\debug\statscounter.obj
s:\github\faucet\minecraft.client\x64\debug\texturemap.obj
s:\github\faucet\minecraft.client\x64\debug\villagergolemrenderer.obj
s:\github\faucet\minecraft.client\x64\debug\windows64_uicontroller.obj
s:\github\faucet\minecraft.client\x64\debug\wolfmodel.obj
s:\github\faucet\minecraft.client\x64\debug\networkplayerxbox.obj
s:\github\faucet\minecraft.client\x64\debug\zombierenderer.obj
s:\github\faucet\minecraft.client\x64\debug\arrowrenderer.obj
s:\github\faucet\minecraft.client\x64\debug\boatmodel.obj
s:\github\faucet\minecraft.client\x64\debug\breakingitemparticle.obj
s:\github\faucet\minecraft.client\x64\debug\soundengine.obj
s:\github\faucet\minecraft.client\x64\debug\dlcmanager.obj
s:\github\faucet\minecraft.client\x64\debug\collectitemruledefinition.obj
s:\github\faucet\minecraft.client\x64\debug\gamenetworkmanager.obj
s:\github\faucet\minecraft.client\x64\debug\iuiscene_fireworksmenu.obj
s:\github\faucet\minecraft.client\x64\debug\iuiscene_hud.obj
s:\github\faucet\minecraft.client\x64\debug\uicontrol_minecrafthorse.obj
s:\github\faucet\minecraft.client\x64\debug\uicomponent_menubackground.obj
s:\github\faucet\minecraft.client\x64\debug\uicontrol_htmllabel.obj
s:\github\faucet\minecraft.client\x64\debug\uicontrol_texturepacklist.obj
s:\github\faucet\minecraft.client\x64\debug\uiscene_endpoem.obj
s:\github\faucet\minecraft.client\x64\debug\uiscene_messagebox.obj
s:\github\faucet\minecraft.client\x64\debug\uicomponent_panorama.obj
s:\github\faucet\minecraft.client\x64\debug\uicontrol_progress.obj
s:\github\faucet\minecraft.client\x64\debug\uiscene_brewingstandmenu.obj
s:\github\faucet\minecraft.client\x64\debug\uiscene_debugoptions.obj
s:\github\faucet\minecraft.client\x64\debug\uiscene_howtoplaymenu.obj
s:\github\faucet\minecraft.client\x64\debug\uiscene_mainmenu.obj
s:\github\faucet\minecraft.client\x64\debug\uiscene_reinstallmenu.obj
s:\github\faucet\minecraft.client\x64\debug\uiscene_signentrymenu.obj
s:\github\faucet\minecraft.client\x64\debug\errorscreen.obj
s:\github\faucet\minecraft.client\x64\debug\explodeparticle.obj
s:\github\faucet\minecraft.client\x64\debug\filetexturepack.obj
s:\github\faucet\minecraft.client\x64\debug\fireballrenderer.obj
s:\github\faucet\minecraft.client\x64\debug\ghastmodel.obj
s:\github\faucet\minecraft.client\x64\debug\gui.obj
s:\github\faucet\minecraft.client\x64\debug\largechestmodel.obj
s:\github\faucet\minecraft.client\x64\debug\leashknotrenderer.obj
s:\github\faucet\minecraft.client\x64\debug\minecartmodel.obj
s:\github\faucet\minecraft.client\x64\debug\minecraftserver.obj
s:\github\faucet\minecraft.client\x64\debug\progressrenderer.obj
s:\github\faucet\minecraft.client\x64\debug\shutdownmanager.obj
s:\github\faucet\minecraft.client\x64\debug\playerrenderer.obj
s:\github\faucet\minecraft.client\x64\debug\selectworldscreen.obj
s:\github\faucet\minecraft.client\x64\debug\serverlevel.obj
s:\github\faucet\minecraft.client\x64\debug\textureatlas.obj
s:\github\faucet\minecraft.client\x64\debug\texturemanager.obj
s:\github\faucet\minecraft.client\x64\debug\tileentityrenderer.obj
s:\github\faucet\minecraft.client\x64\debug\tilerenderer.obj
s:\github\faucet\minecraft.client\x64\debug\witherbossmodel.obj
s:\github\faucet\minecraft.client\x64\debug\wolfrenderer.obj
s:\github\faucet\minecraft.client\x64\debug\abstracttexturepack.obj
s:\github\faucet\minecraft.client\x64\debug\blazemodel.obj
s:\github\faucet\minecraft.client\x64\debug\bossmobguiinfo.obj
s:\github\faucet\minecraft.client\x64\debug\camera.obj
s:\github\faucet\minecraft.client\x64\debug\consoles_app.obj
s:\github\faucet\minecraft.client\x64\debug\xuicraftingtask.obj
s:\github\faucet\minecraft.client\x64\debug\iuiscene_creativemenu.obj
s:\github\faucet\minecraft.client\x64\debug\uiscene_keyboard.obj
s:\github\faucet\minecraft.client\x64\debug\uicontrol_enchantmentbook.obj
s:\github\faucet\minecraft.client\x64\debug\uifontdata.obj
s:\github\faucet\minecraft.client\x64\debug\uiscene_credits.obj
s:\github\faucet\minecraft.client\x64\debug\uiscene_howtoplay.obj
s:\github\faucet\minecraft.client\x64\debug\uicomponent_chat.obj
s:\github\faucet\minecraft.client\x64\debug\uicomponent_tooltips.obj
s:\github\faucet\minecraft.client\x64\debug\uicontrol_checkbox.obj
s:\github\faucet\minecraft.client\x64\debug\uicontrol_textinput.obj
s:\github\faucet\minecraft.client\x64\debug\uiscene_createworldmenu.obj
s:\github\faucet\minecraft.client\x64\debug\uiscene_helpandoptionsmenu.obj
s:\github\faucet\minecraft.client\x64\debug\uiscene_loadmenu.obj
s:\github\faucet\minecraft.client\x64\debug\uiscene_quadrantsignin.obj
s:\github\faucet\minecraft.client\x64\debug\uiscene_settingsuimenu.obj
s:\github\faucet\minecraft.client\x64\debug\uittffont.obj
s:\github\faucet\minecraft.client\x64\debug\defaultrenderer.obj
s:\github\faucet\minecraft.client\x64\debug\dispenserbootstrap.obj
s:\github\faucet\minecraft.client\x64\debug\distancechunksorter.obj
s:\github\faucet\minecraft.client\x64\debug\enderchestrenderer.obj
s:\github\faucet\minecraft.client\x64\debug\endermanrenderer.obj
s:\github\faucet\minecraft.client\x64\debug\fallingtilerenderer.obj
s:\github\faucet\minecraft.client\x64\debug\ghastrenderer.obj
s:\github\faucet\minecraft.client\x64\debug\guiparticle.obj
s:\github\faucet\minecraft.client\x64\debug\httptexture.obj
s:\github\faucet\minecraft.client\x64\debug\hugeexplosionseedparticle.obj
s:\github\faucet\minecraft.client\x64\debug\itemrenderer.obj
s:\github\faucet\minecraft.client\x64\debug\lavaparticle.obj
s:\github\faucet\minecraft.client\x64\debug\minecraft.obj
s:\github\faucet\minecraft.client\x64\debug\prestitchedtexturemap.obj
s:\github\faucet\minecraft.client\x64\debug\takeanimationparticle.obj
s:\github\faucet\minecraft.client\x64\debug\tileentityrenderdispatcher.obj
s:\github\faucet\minecraft.client\x64\debug\videosettingsscreen.obj
s:\github\faucet\minecraft.client\x64\debug\villagerrenderer.obj
s:\github\faucet\minecraft.client\x64\debug\waterdropparticle.obj
s:\github\faucet\minecraft.client\x64\debug\witherbossrenderer.obj
s:\github\faucet\minecraft.client\x64\debug\zombiemodel.obj
s:\github\faucet\minecraft.client\x64\debug\achievementpopup.obj
s:\github\faucet\minecraft.client\x64\debug\bookmodel.obj
s:\github\faucet\minecraft.client\x64\debug\bufferedimage.obj
s:\github\faucet\minecraft.client\x64\debug\chickenmodel.obj
s:\github\faucet\minecraft.client\x64\debug\clientconstants.obj
s:\github\faucet\minecraft.client\x64\debug\clocktexture.obj
s:\github\faucet\minecraft.client\x64\debug\dlccolourtablefile.obj
s:\github\faucet\minecraft.client\x64\debug\dlcgamerulesheader.obj
s:\github\faucet\minecraft.client\x64\debug\dlcuidatafile.obj
s:\github\faucet\minecraft.client\x64\debug\addenchantmentruledefinition.obj
s:\github\faucet\minecraft.client\x64\debug\compoundgameruledefinition.obj
s:\github\faucet\minecraft.client\x64\debug\levelgenerationoptions.obj
s:\github\faucet\minecraft.client\x64\debug\xboxstructureactionplaceblock.obj
s:\github\faucet\minecraft.client\x64\debug\telemetrymanager.obj
s:\github\faucet\minecraft.client\x64\debug\changestateconstraint.obj
s:\github\faucet\minecraft.client\x64\debug\consolegamemode.obj
s:\github\faucet\minecraft.client\x64\debug\console_utils.obj
s:\github\faucet\minecraft.client\x64\debug\iuiscene_anvilmenu.obj
s:\github\faucet\minecraft.client\x64\debug\iuiscene_tradingmenu.obj
s:\github\faucet\minecraft.client\x64\debug\uicontrol_enchantmentbutton.obj
s:\github\faucet\minecraft.client\x64\debug\uiscene_controlsmenu.obj
s:\github\faucet\minecraft.client\x64\debug\uiscene_eula.obj
s:\github\faucet\minecraft.client\x64\debug\uibitmapfont.obj
s:\github\faucet\minecraft.client\x64\debug\uicomponent_debuguiconsole.obj
s:\github\faucet\minecraft.client\x64\debug\uicomponent_tutorialpopup.obj
s:\github\faucet\minecraft.client\x64\debug\uicontrol_slotlist.obj
s:\github\faucet\minecraft.client\x64\debug\uiscene_craftingmenu.obj
s:\github\faucet\minecraft.client\x64\debug\uiscene_enchantingmenu.obj
s:\github\faucet\minecraft.client\x64\debug\uiscene_launchmoreoptionsmenu.obj
s:\github\faucet\minecraft.client\x64\debug\uiscene_newupdatemessage.obj
s:\github\faucet\minecraft.client\x64\debug\uiscene_settingsaudiomenu.obj
s:\github\faucet\minecraft.client\x64\debug\uiscene_teleportmenu.obj
s:\github\faucet\minecraft.client\x64\debug\extrax64stubs.obj
s:\github\faucet\minecraft.client\x64\debug\fireworksparticles.obj
s:\github\faucet\minecraft.client\x64\debug\frustumdata.obj
s:\github\faucet\minecraft.client\x64\debug\giantmobrenderer.obj
s:\github\faucet\minecraft.client\x64\debug\guiparticles.obj
s:\github\faucet\minecraft.client\x64\debug\humanoidmobrenderer.obj
s:\github\faucet\minecraft.client\x64\debug\joinmultiplayerscreen.obj
s:\github\faucet\minecraft.client\x64\debug\leashknotmodel.obj
s:\github\faucet\minecraft.client\x64\debug\lightningboltrenderer.obj
s:\github\faucet\minecraft.client\x64\debug\mobskinmemtextureprocessor.obj
s:\github\faucet\minecraft.client\x64\debug\mobskintextureprocessor.obj
s:\github\faucet\minecraft.client\x64\debug\model.obj
s:\github\faucet\minecraft.client\x64\debug\modloader.obj
s:\github\faucet\minecraft.client\x64\debug\mushroomcowrenderer.obj
s:\github\faucet\minecraft.client\x64\debug\noteparticle.obj
s:\github\faucet\minecraft.client\x64\debug\optionsscreen.obj
s:\github\faucet\minecraft.client\x64\debug\ocelotrenderer.obj
s:\github\faucet\minecraft.client\x64\debug\particle.obj
s:\github\faucet\minecraft.client\x64\debug\pausescreen.obj
s:\github\faucet\minecraft.client\x64\debug\pistonpiecerenderer.obj
s:\github\faucet\minecraft.client\x64\debug\rect2i.obj
s:\github\faucet\minecraft.client\x64\debug\remoteplayer.obj
s:\github\faucet\minecraft.client\x64\debug\polygon.obj
s:\github\faucet\minecraft.client\x64\debug\quadrupedmodel.obj
s:\github\faucet\minecraft.client\x64\debug\renameworldscreen.obj
s:\github\faucet\minecraft.client\x64\debug\servercommanddispatcher.obj
s:\github\faucet\minecraft.client\x64\debug\serverconnection.obj
s:\github\faucet\minecraft.client\x64\debug\signmodel.obj
s:\github\faucet\minecraft.client\x64\debug\silverfishmodel.obj
s:\github\faucet\minecraft.client\x64\debug\simpleicon.obj
s:\github\faucet\minecraft.client\x64\debug\skeletonheadmodel.obj
s:\github\faucet\minecraft.client\x64\debug\skimodel.obj
s:\github\faucet\minecraft.client\x64\debug\slidebutton.obj
s:\github\faucet\minecraft.client\x64\debug\slimerenderer.obj
s:\github\faucet\minecraft.client\x64\debug\snowshovelparticle.obj
s:\github\faucet\minecraft.client\x64\debug\spiderrenderer.obj
s:\github\faucet\minecraft.client\x64\debug\statsscreen.obj
s:\github\faucet\minecraft.client\x64\debug\stitchslot.obj
s:\github\faucet\minecraft.client\x64\debug\terrainparticle.obj
s:\github\faucet\minecraft.client\x64\debug\tntminecartrenderer.obj
s:\github\faucet\minecraft.client\x64\debug\user.obj
s:\github\faucet\minecraft.client\x64\debug\windowsleaderboardmanager.obj
s:\github\faucet\minecraft.client\x64\debug\windows64_app.obj
s:\github\faucet\minecraft.client\x64\debug\archivefile.obj
s:\github\faucet\minecraft.client\x64\debug\bubbleparticle.obj
s:\github\faucet\minecraft.client\x64\debug\consoles_soundengine.obj
s:\github\faucet\minecraft.client\x64\debug\soundnames.obj
s:\github\faucet\minecraft.client\x64\debug\dlcaudiofile.obj
s:\github\faucet\minecraft.client\x64\debug\dlcgamerulesfile.obj
s:\github\faucet\minecraft.client\x64\debug\dlcpack.obj
s:\github\faucet\minecraft.client\x64\debug\completeallruledefinition.obj
s:\github\faucet\minecraft.client\x64\debug\xboxstructureactionplacecontainer.obj
s:\github\faucet\minecraft.client\x64\debug\fulltutorial.obj
s:\github\faucet\minecraft.client\x64\debug\tutorialtask.obj
s:\github\faucet\minecraft.client\x64\debug\usetiletask.obj
s:\github\faucet\minecraft.client\x64\debug\iuiscene_beaconmenu.obj
s:\github\faucet\minecraft.client\x64\debug\uicontrol_beaconeffectbutton.obj
s:\github\faucet\minecraft.client\x64\debug\uiscene_horseinventorymenu.obj
s:\github\faucet\minecraft.client\x64\debug\uicontrol_dlclist.obj
s:\github\faucet\minecraft.client\x64\debug\uicontrol_savelist.obj
s:\github\faucet\minecraft.client\x64\debug\uiscene_dlcmainmenu.obj
s:\github\faucet\minecraft.client\x64\debug\uiscene_ingameplayeroptionsmenu.obj
s:\github\faucet\minecraft.client\x64\debug\uicontrol_label.obj
s:\github\faucet\minecraft.client\x64\debug\uiscene.obj
s:\github\faucet\minecraft.client\x64\debug\uiscene_debugoverlay.obj
s:\github\faucet\minecraft.client\x64\debug\uiscene_settingsoptionsmenu.obj
s:\github\faucet\minecraft.client\x64\debug\uistring.obj
s:\github\faucet\minecraft.client\x64\debug\compasstexture.obj
s:\github\faucet\minecraft.client\x64\debug\controlsscreen.obj
s:\github\faucet\minecraft.client\x64\debug\creepermodel.obj
s:\github\faucet\minecraft.client\x64\debug\critparticle2.obj
s:\github\faucet\minecraft.client\x64\debug\deathscreen.obj
s:\github\faucet\minecraft.client\x64\debug\dragonbreathparticle.obj
s:\github\faucet\minecraft.client\x64\debug\editbox.obj
s:\github\faucet\minecraft.client\x64\debug\endercrystalmodel.obj
s:\github\faucet\minecraft.client\x64\debug\enderdragonrenderer.obj
s:\github\faucet\minecraft.client\x64\debug\entitytracker.obj
s:\github\faucet\minecraft.client\x64\debug\minecartrenderer.obj
s:\github\faucet\minecraft.client\x64\debug\modelhorse.obj
s:\github\faucet\minecraft.client\x64\debug\multiplayerlocalplayer.obj
s:\github\faucet\minecraft.client\x64\debug\pendingconnection.obj
s:\github\faucet\minecraft.client\x64\debug\screensizecalculator.obj
s:\github\faucet\minecraft.client\x64\debug\scrolledselectionlist.obj
s:\github\faucet\minecraft.client\x64\debug\serverchunkcache.obj
s:\github\faucet\minecraft.client\x64\debug\serverplayer.obj
s:\github\faucet\minecraft.client\x64\debug\texoffs.obj
s:\github\faucet\minecraft.client\x64\debug\texture.obj
s:\github\faucet\minecraft.client\x64\debug\texturepackrepository.obj
s:\github\faucet\minecraft.client\x64\debug\timer.obj
s:\github\faucet\minecraft.client\x64\debug\tntrenderer.obj
s:\github\faucet\minecraft.client\x64\debug\vertex.obj
s:\github\faucet\minecraft.client\x64\debug\viewportculler.obj
s:\github\faucet\minecraft.client\x64\debug\villagermodel.obj
s:\github\faucet\minecraft.client\x64\debug\villagerzombiemodel.obj
s:\github\faucet\minecraft.client\x64\debug\gdraw_d3d11.obj
s:\github\faucet\minecraft.client\x64\debug\windows64_minecraft.obj
s:\github\faucet\minecraft.client\x64\debug\achievementscreen.obj
s:\github\faucet\minecraft.client\x64\debug\chestrenderer.obj
s:\github\faucet\minecraft.client\x64\debug\dlccapefile.obj
s:\github\faucet\minecraft.client\x64\debug\dlcfile.obj
s:\github\faucet\minecraft.client\x64\debug\dlctexturefile.obj
s:\github\faucet\minecraft.client\x64\debug\additemruledefinition.obj
s:\github\faucet\minecraft.client\x64\debug\gamerulemanager.obj
s:\github\faucet\minecraft.client\x64\debug\namedarearuledefinition.obj
s:\github\faucet\minecraft.client\x64\debug\consolegeneratestructure.obj
s:\github\faucet\minecraft.client\x64\debug\leaderboardinterface.obj
s:\github\faucet\minecraft.client\x64\debug\leaderboardmanager.obj
s:\github\faucet\minecraft.client\x64\debug\platformnetworkmanagerstub.obj
s:\github\faucet\minecraft.client\x64\debug\areatask.obj
s:\github\faucet\minecraft.client\x64\debug\completeusingitemtask.obj
s:\github\faucet\minecraft.client\x64\debug\controllertask.obj
s:\github\faucet\minecraft.client\x64\debug\fulltutorialactivetask.obj
s:\github\faucet\minecraft.client\x64\debug\horsechoicetask.obj
s:\github\faucet\minecraft.client\x64\debug\inputconstraint.obj
s:\github\faucet\minecraft.client\x64\debug\lookatentityhint.obj
s:\github\faucet\minecraft.client\x64\debug\lookattilehint.obj
s:\github\faucet\minecraft.client\x64\debug\tutorial.obj
s:\github\faucet\minecraft.client\x64\debug\iuiscene_enchantingmenu.obj
s:\github\faucet\minecraft.client\x64\debug\iuiscene_horseinventorymenu.obj
s:\github\faucet\minecraft.client\x64\debug\iuiscene_startgame.obj
s:\github\faucet\minecraft.client\x64\debug\uiscene_fireworksmenu.obj
s:\github\faucet\minecraft.client\x64\debug\uicontrol_bitmapicon.obj
s:\github\faucet\minecraft.client\x64\debug\uicontrol_playerlist.obj
s:\github\faucet\minecraft.client\x64\debug\uiscene_debugsetcamera.obj
s:\github\faucet\minecraft.client\x64\debug\uiscene_ingameinfomenu.obj
s:\github\faucet\minecraft.client\x64\debug\uicontrol_cursor.obj
s:\github\faucet\minecraft.client\x64\debug\uigroup.obj
s:\github\faucet\minecraft.client\x64\debug\uilayer.obj
s:\github\faucet\minecraft.client\x64\debug\uiscene_creativemenu.obj
s:\github\faucet\minecraft.client\x64\debug\uiscene_hud.obj
s:\github\faucet\minecraft.client\x64\debug\uiscene_modsmenu.obj
s:\github\faucet\minecraft.client\x64\debug\uiscene_savemessage.obj
s:\github\faucet\minecraft.client\x64\debug\uiscene_skinselectmenu.obj
s:\github\faucet\minecraft.client\x64\debug\confirmscreen.obj
s:\github\faucet\minecraft.client\x64\debug\consoleinput.obj
s:\github\faucet\minecraft.client\x64\debug\cowmodel.obj
s:\github\faucet\minecraft.client\x64\debug\creeperrenderer.obj
s:\github\faucet\minecraft.client\x64\debug\defaulttexturepack.obj
s:\github\faucet\minecraft.client\x64\debug\dirtychunksorter.obj
s:\github\faucet\minecraft.client\x64\debug\dripparticle.obj
s:\github\faucet\minecraft.client\x64\debug\experienceorbrenderer.obj
s:\github\faucet\minecraft.client\x64\debug\font.obj
s:\github\faucet\minecraft.client\x64\debug\glwrapper.obj
s:\github\faucet\minecraft.client\x64\debug\guicomponent.obj
s:\github\faucet\minecraft.client\x64\debug\guimessage.obj
s:\github\faucet\minecraft.client\x64\debug\horserenderer.obj
s:\github\faucet\minecraft.client\x64\debug\iteminhandrenderer.obj
s:\github\faucet\minecraft.client\x64\debug\lighting.obj
s:\github\faucet\minecraft.client\x64\debug\memorytracker.obj
s:\github\faucet\minecraft.client\x64\debug\minimap.obj
s:\github\faucet\minecraft.client\x64\debug\modelpart.obj
s:\github\faucet\minecraft.client\x64\debug\multiplayergamemode.obj
s:\github\faucet\minecraft.client\x64\debug\localplayer.obj
s:\github\faucet\minecraft.client\x64\debug\netherportalparticle.obj
s:\github\faucet\minecraft.client\x64\debug\reddustparticle.obj
s:\github\faucet\minecraft.client\x64\debug\screen.obj
s:\github\faucet\minecraft.client\x64\debug\sdk.obj
s:\github\faucet\minecraft.client\x64\debug\serverplayergamemode.obj
s:\github\faucet\minecraft.client\x64\debug\smallbutton.obj
s:\github\faucet\minecraft.client\x64\debug\snowmanrenderer.obj
s:\github\faucet\minecraft.client\x64\debug\stringtable.obj
s:\github\faucet\minecraft.client\x64\debug\teleportcommand.obj
s:\github\faucet\minecraft.client\x64\debug\keyboardmouseinput.obj
s:\github\faucet\minecraft.client\x64\debug\witchrenderer.obj
s:\github\faucet\minecraft.client\x64\debug\allowallculler.obj
s:\github\faucet\minecraft.client\x64\debug\beaconrenderer.obj
s:\github\faucet\minecraft.client\x64\debug\chickenrenderer.obj
s:\github\faucet\minecraft.client\x64\debug\colourtable.obj
s:\github\faucet\minecraft.client\x64\debug\dlclocalisationfile.obj
s:\github\faucet\minecraft.client\x64\debug\dlcskinfile.obj
s:\github\faucet\minecraft.client\x64\debug\biomeoverride.obj
s:\github\faucet\minecraft.client\x64\debug\gamerule.obj
s:\github\faucet\minecraft.client\x64\debug\gameruledefinition.obj
s:\github\faucet\minecraft.client\x64\debug\updateplayerruledefinition.obj
s:\github\faucet\minecraft.client\x64\debug\xboxstructureactiongeneratebox.obj
s:\github\faucet\minecraft.client\x64\debug\xboxstructureactionplacespawner.obj
s:\github\faucet\minecraft.client\x64\debug\areahint.obj
s:\github\faucet\minecraft.client\x64\debug\crafttask.obj
s:\github\faucet\minecraft.client\x64\debug\effectchangedtask.obj
s:\github\faucet\minecraft.client\x64\debug\fulltutorialmode.obj
s:\github\faucet\minecraft.client\x64\debug\infotask.obj
s:\github\faucet\minecraft.client\x64\debug\pickuptask.obj
s:\github\faucet\minecraft.client\x64\debug\procedurecompoundtask.obj
s:\github\faucet\minecraft.client\x64\debug\stattask.obj
s:\github\faucet\minecraft.client\x64\debug\tutorialmessage.obj
s:\github\faucet\minecraft.client\x64\debug\tutorialmode.obj
s:\github\faucet\minecraft.client\x64\debug\iuiscene_containermenu.obj
s:\github\faucet\minecraft.client\x64\debug\iuiscene_dispensermenu.obj
s:\github\faucet\minecraft.client\x64\debug\iuiscene_furnacemenu.obj
s:\github\faucet\minecraft.client\x64\debug\iuiscene_inventorymenu.obj
s:\github\faucet\minecraft.client\x64\debug\uicomponent_debuguimarketingguide.obj
s:\github\faucet\minecraft.client\x64\debug\uiscene_hoppermenu.obj
s:\github\faucet\minecraft.client\x64\debug\uicontrol_dynamiclabel.obj
s:\github\faucet\minecraft.client\x64\debug\uicontrol_spaceindicatorbar.obj
s:\github\faucet\minecraft.client\x64\debug\uiscene_dlcoffersmenu.obj
s:\github\faucet\minecraft.client\x64\debug\uiscene_leaderboardsmenu.obj
s:\github\faucet\minecraft.client\x64\debug\uicontrol.obj
s:\github\faucet\minecraft.client\x64\debug\uicontrol_playerskinpreview.obj
s:\github\faucet\minecraft.client\x64\debug\uicontrol_buttonlist.obj
s:\github\faucet\minecraft.client\x64\debug\uiscene_containermenu.obj
s:\github\faucet\minecraft.client\x64\debug\uiscene_fullscreenprogress.obj
s:\github\faucet\minecraft.client\x64\debug\uiscene_intro.obj
s:\github\faucet\minecraft.client\x64\debug\uiscene_inventorymenu.obj
s:\github\faucet\minecraft.client\x64\debug\uiscene_settingscontrolmenu.obj
s:\github\faucet\minecraft.client\x64\debug\uiscene_timer.obj
s:\github\faucet\minecraft.client\x64\debug\cowrenderer.obj
s:\github\faucet\minecraft.client\x64\debug\critparticle.obj
s:\github\faucet\minecraft.client\x64\debug\dlctexturepack.obj
s:\github\faucet\minecraft.client\x64\debug\dragonmodel.obj
s:\github\faucet\minecraft.client\x64\debug\endercrystalrenderer.obj
s:\github\faucet\minecraft.client\x64\debug\entityrenderdispatcher.obj
s:\github\faucet\minecraft.client\x64\debug\hugeexplosionparticle.obj
s:\github\faucet\minecraft.client\x64\debug\inbedchatscreen.obj
s:\github\faucet\minecraft.client\x64\debug\itemframerenderer.obj
s:\github\faucet\minecraft.client\x64\debug\keymapping.obj
s:\github\faucet\minecraft.client\x64\debug\lavaslimerenderer.obj
s:\github\faucet\minecraft.client\x64\debug\memtexture.obj
s:\github\faucet\minecraft.client\x64\debug\minecartspawnerrenderer.obj
s:\github\faucet\minecraft.client\x64\debug\mobspawnerrenderer.obj
s:\github\faucet\minecraft.client\x64\debug\multiplayerchunkcache.obj
s:\github\faucet\minecraft.client\x64\debug\nameentryscreen.obj
s:\github\faucet\minecraft.client\x64\debug\offsettedrenderlist.obj
s:\github\faucet\minecraft.client\x64\debug\options.obj
s:\github\faucet\minecraft.client\x64\debug\particleengine.obj
s:\github\faucet\minecraft.client\x64\debug\playerconnection.obj
s:\github\faucet\minecraft.client\x64\debug\serverscoreboard.obj
s:\github\faucet\minecraft.client\x64\debug\sheepfurmodel.obj
s:\github\faucet\minecraft.client\x64\debug\sheepmodel.obj
s:\github\faucet\minecraft.client\x64\debug\signrenderer.obj
s:\github\faucet\minecraft.client\x64\debug\snowmanmodel.obj
s:\github\faucet\minecraft.client\x64\debug\spidermodel.obj
s:\github\faucet\minecraft.client\x64\debug\squidrenderer.obj
s:\github\faucet\minecraft.client\x64\debug\stitcher.obj
s:\github\faucet\minecraft.client\x64\debug\suspendedparticle.obj
s:\github\faucet\minecraft.client\x64\debug\texturepack.obj
s:\github\faucet\minecraft.client\x64\debug\textures.obj
s:\github\faucet\minecraft.client\x64\debug\villagergolemmodel.obj
s:\github\faucet\minecraft.client\x64\debug\winsocknetlayer.obj
s:\github\faucet\minecraft.client\x64\debug\witchmodel.obj
s:\github\faucet\minecraft.client\x64\debug\witherskullrenderer.obj
s:\github\faucet\minecraft.client\x64\debug\wstringlookup.obj
s:\github\faucet\minecraft.client\x64\debug\idregistry.obj
s:\github\faucet\x64\debug\minecraft.client.pch
s:\github\faucet\minecraft.client\x64\debug\stdafx.obj
s:\github\faucet\minecraft.client\x64\debug\vc143.pdb
s:\github\faucet\minecraft.client\x64\debug\registry.obj
s:\github\faucet\minecraft.client\x64\debug\gzread.obj
s:\github\faucet\minecraft.client\x64\debug\trees.obj
s:\github\faucet\minecraft.client\x64\debug\gzclose.obj
s:\github\faucet\minecraft.client\x64\debug\zutil.obj
s:\github\faucet\minecraft.client\x64\debug\compress.obj
s:\github\faucet\minecraft.client\x64\debug\inffast.obj
s:\github\faucet\minecraft.client\x64\debug\gzwrite.obj
s:\github\faucet\minecraft.client\x64\debug\adler32.obj
s:\github\faucet\minecraft.client\x64\debug\infback.obj
s:\github\faucet\minecraft.client\x64\debug\crc32.obj
s:\github\faucet\minecraft.client\x64\debug\inflate.obj
s:\github\faucet\minecraft.client\x64\debug\gzlib.obj
s:\github\faucet\minecraft.client\x64\debug\uncompr.obj
s:\github\faucet\minecraft.client\x64\debug\deflate.obj
s:\github\faucet\minecraft.client\x64\debug\inftrees.obj
s:\github\faucet\minecraft.client\x64\debug\compat_shims.obj
s:\github\faucet\x64\debug\windows.xbox.networking.realtimesession.winmd
s:\github\faucet\x64\debug\windows.xbox.networking.realtimesession.pdb
s:\github\faucet\x64\debug\windows.xbox.networking.realtimesession.dll
s:\github\faucet\x64\debug\faucet.exe
s:\github\faucet\x64\debug\minecraft.client.pdb
s:\github\faucet\minecraft.client\x64\debug\iob_shim.obj
s:\github\faucet\minecraft.client\x64\debug\minecraftwindows.res
s:\github\faucet\x64\debug\faucet.lib
s:\github\faucet\x64\debug\faucet.exp
s:\github\faucet\minecraft.client\x64\debug\faucet.ilk
s:\github\faucet\minecraft.client\x64\debug\minecraft.client.ilk
s:\github\faucet\minecraft.client\x64\debug\minecraft.client.tlog\cl.command.1.tlog
s:\github\faucet\minecraft.client\x64\debug\minecraft.client.tlog\cl.items.tlog
s:\github\faucet\minecraft.client\x64\debug\minecraft.client.tlog\cl.read.1.tlog
s:\github\faucet\minecraft.client\x64\debug\minecraft.client.tlog\cl.write.1.tlog
s:\github\faucet\minecraft.client\x64\debug\minecraft.client.tlog\copylocal.read.1u.tlog
s:\github\faucet\minecraft.client\x64\debug\minecraft.client.tlog\copylocal.write.1u.tlog
s:\github\faucet\minecraft.client\x64\debug\minecraft.client.tlog\link.command.1.tlog
s:\github\faucet\minecraft.client\x64\debug\minecraft.client.tlog\link.read.1.tlog
s:\github\faucet\minecraft.client\x64\debug\minecraft.client.tlog\link.secondary.1.tlog
s:\github\faucet\minecraft.client\x64\debug\minecraft.client.tlog\link.write.1.tlog
s:\github\faucet\minecraft.client\x64\debug\minecraft.client.tlog\masm.read.1u.tlog
s:\github\faucet\minecraft.client\x64\debug\minecraft.client.tlog\masm.write.1u.tlog
s:\github\faucet\minecraft.client\x64\debug\minecraft.client.tlog\rc.command.1.tlog
s:\github\faucet\minecraft.client\x64\debug\minecraft.client.tlog\rc.read.1.tlog
s:\github\faucet\minecraft.client\x64\debug\minecraft.client.tlog\rc.write.1.tlog
