  SDK.cpp
  ServerLevel.cpp
  Microsoft (R) Incremental Linker Version 14.44.35222.0
  Copyright (C) Microsoft Corporation.  All rights reserved.
  "/OUT:S:\GitHub\Faucet\x64\Debug\Faucet.exe" /INCREMENTAL "/ILK:x64\Debug\Faucet.ilk" d3d11.lib ..\Minecraft.World\x64_Debug\Minecraft.World.lib kernel32.lib user32.lib gdi32.lib winspool.lib comdlg32.lib advapi32.lib shell32.lib ole32.lib oleaut32.lib uuid.lib odbc32.lib odbccp32.lib XInput9_1_0.lib ..\Minecraft.Client\Windows64\Miles\Lib\mss64.lib wsock32.lib /MANIFEST "/MANIFESTUAC:level='asInvoker' uiAccess='false'" /manifest:embed /DEBUG "/PDB:S:\GitHub\Faucet\x64\Debug\Minecraft.Client.pdb" /TLBID:1 /DYNAMICBASE /NXCOMPAT "/IMPLIB:S:\GitHub\Faucet\x64\Debug\Faucet.lib" /MACHINE:X64 x64\Debug\MinecraftWindows.res 
  x64\Debug\AbstractTexturePack.obj 
  x64\Debug\AchievementPopup.obj 
  x64\Debug\AchievementScreen.obj 
  x64\Debug\AllowAllCuller.obj 
  x64\Debug\ArchiveFile.obj 
  x64\Debug\ArrowRenderer.obj 
  x64\Debug\BatModel.obj 
  x64\Debug\BatRenderer.obj 
  x64\Debug\BeaconRenderer.obj 
  x64\Debug\BlazeModel.obj 
  x64\Debug\BlazeRenderer.obj 
  x64\Debug\BoatModel.obj 
  x64\Debug\BoatRenderer.obj 
  x64\Debug\BookModel.obj 
  x64\Debug\BossMobGuiInfo.obj 
  x64\Debug\BreakingItemParticle.obj 
  x64\Debug\BubbleParticle.obj 
  x64\Debug\BufferedImage.obj 
  x64\Debug\Button.obj 
  x64\Debug\Camera.obj 
  x64\Debug\CaveSpiderRenderer.obj 
  x64\Debug\ChatScreen.obj 
  x64\Debug\ChestModel.obj 
  x64\Debug\ChestRenderer.obj 
  x64\Debug\ChickenModel.obj 
  x64\Debug\ChickenRenderer.obj 
  x64\Debug\Chunk.obj 
  x64\Debug\ClientConstants.obj 
  x64\Debug\ClockTexture.obj 
  x64\Debug\Consoles_SoundEngine.obj 
  x64\Debug\SoundNames.obj 
  x64\Debug\ColourTable.obj 
  x64\Debug\Consoles_App.obj 
  x64\Debug\DLCAudioFile.obj 
  x64\Debug\DLCCapeFile.obj 
  x64\Debug\DLCColourTableFile.obj 
  x64\Debug\DLCFile.obj 
  x64\Debug\DLCGameRulesFile.obj 
  x64\Debug\DLCGameRulesHeader.obj 
  x64\Debug\DLCLocalisationFile.obj 
  x64\Debug\DLCManager.obj 
  x64\Debug\DLCPack.obj 
  x64\Debug\DLCSkinFile.obj 
  x64\Debug\DLCTextureFile.obj 
  x64\Debug\DLCUIDataFile.obj 
  x64\Debug\AddEnchantmentRuleDefinition.obj 
  x64\Debug\AddItemRuleDefinition.obj 
  x64\Debug\ApplySchematicRuleDefinition.obj 
  x64\Debug\BiomeOverride.obj 
  x64\Debug\CollectItemRuleDefinition.obj 
  x64\Debug\CompleteAllRuleDefinition.obj 
  x64\Debug\CompoundGameRuleDefinition.obj 
  x64\Debug\GameRule.obj 
  x64\Debug\GameRuleDefinition.obj 
  x64\Debug\GameRuleManager.obj 
  x64\Debug\LevelGenerationOptions.obj 
  x64\Debug\LevelGenerators.obj 
  x64\Debug\LevelRules.obj 
  x64\Debug\LevelRuleset.obj 
  x64\Debug\NamedAreaRuleDefinition.obj 
  x64\Debug\StartFeature.obj 
  x64\Debug\UpdatePlayerRuleDefinition.obj 
  x64\Debug\UseTileRuleDefinition.obj 
  x64\Debug\ConsoleGenerateStructure.obj 
  x64\Debug\ConsoleSchematicFile.obj 
  x64\Debug\XboxStructureActionGenerateBox.obj 
  x64\Debug\XboxStructureActionPlaceBlock.obj 
  x64\Debug\XboxStructureActionPlaceContainer.obj 
  x64\Debug\XboxStructureActionPlaceSpawner.obj 
  x64\Debug\LeaderboardInterface.obj 
  x64\Debug\LeaderboardManager.obj 
  x64\Debug\GameNetworkManager.obj 
  x64\Debug\PlatformNetworkManagerStub.obj 
  x64\Debug\TelemetryManager.obj 
  x64\Debug\TrialMode.obj 
  x64\Debug\AreaConstraint.obj 
  x64\Debug\AreaHint.obj 
  x64\Debug\AreaTask.obj 
  x64\Debug\ChangeStateConstraint.obj 
  x64\Debug\ChoiceTask.obj 
  x64\Debug\CompleteUsingItemTask.obj 
  x64\Debug\ControllerTask.obj 
  x64\Debug\CraftTask.obj 
  x64\Debug\DiggerItemHint.obj 
  x64\Debug\EffectChangedTask.obj 
  x64\Debug\FullTutorial.obj 
  x64\Debug\FullTutorialActiveTask.obj 
  x64\Debug\FullTutorialMode.obj 
  x64\Debug\HorseChoiceTask.obj 
  x64\Debug\InfoTask.obj 
  x64\Debug\InputConstraint.obj 
  x64\Debug\LookAtEntityHint.obj 
  x64\Debug\LookAtTileHint.obj 
  x64\Debug\PickupTask.obj 
  x64\Debug\ProcedureCompoundTask.obj 
  x64\Debug\ProgressFlagTask.obj 
  x64\Debug\RideEntityTask.obj 
  x64\Debug\StatTask.obj 
  x64\Debug\TakeItemHint.obj 
  x64\Debug\Tutorial.obj 
  x64\Debug\TutorialHint.obj 
  x64\Debug\TutorialMessage.obj 
  x64\Debug\TutorialMode.obj 
  x64\Debug\TutorialTask.obj 
  x64\Debug\UseItemTask.obj 
  x64\Debug\UseTileTask.obj 
  x64\Debug\XuiCraftingTask.obj 
  x64\Debug\ConsoleGameMode.obj 
  x64\Debug\Console_Utils.obj 
  x64\Debug\IUIScene_AbstractContainerMenu.obj 
  x64\Debug\IUIScene_AnvilMenu.obj 
  x64\Debug\IUIScene_BeaconMenu.obj 
  x64\Debug\IUIScene_BrewingMenu.obj 
  x64\Debug\IUIScene_CommandBlockMenu.obj 
  x64\Debug\IUIScene_ContainerMenu.obj 
  x64\Debug\IUIScene_CraftingMenu.obj 
  x64\Debug\IUIScene_CreativeMenu.obj 
  x64\Debug\IUIScene_DispenserMenu.obj 
  x64\Debug\IUIScene_EnchantingMenu.obj 
  x64\Debug\IUIScene_FireworksMenu.obj 
  x64\Debug\IUIScene_FurnaceMenu.obj 
  x64\Debug\IUIScene_HopperMenu.obj 
  x64\Debug\IUIScene_HorseInventoryMenu.obj 
  x64\Debug\IUIScene_HUD.obj 
  x64\Debug\IUIScene_InventoryMenu.obj 
  x64\Debug\IUIScene_PauseMenu.obj 
  x64\Debug\IUIScene_StartGame.obj 
  x64\Debug\IUIScene_TradingMenu.obj 
  x64\Debug\UIComponent_DebugUIMarketingGuide.obj 
  x64\Debug\UIControl_BeaconEffectButton.obj 
  x64\Debug\UIControl_MinecraftHorse.obj 
  x64\Debug\UIScene_BeaconMenu.obj 
  x64\Debug\UIScene_FireworksMenu.obj 
  x64\Debug\UIScene_HopperMenu.obj 
  x64\Debug\UIScene_HorseInventoryMenu.obj 
  x64\Debug\UIScene_Keyboard.obj 
  x64\Debug\UIComponent_MenuBackground.obj 
  x64\Debug\UIComponent_PressStartToPlay.obj 
  x64\Debug\UIControl_Base.obj 
  x64\Debug\UIControl_BitmapIcon.obj 
  x64\Debug\UIControl_DLCList.obj 
  x64\Debug\UIControl_DynamicLabel.obj 
  x64\Debug\UIControl_EnchantmentBook.obj 
  x64\Debug\UIControl_EnchantmentButton.obj 
  x64\Debug\UIControl_HTMLLabel.obj 
  x64\Debug\UIControl_LeaderboardList.obj 
  x64\Debug\UIControl_MinecraftPlayer.obj 
  x64\Debug\UIControl_PlayerList.obj 
  x64\Debug\UIControl_SaveList.obj 
  x64\Debug\UIControl_SpaceIndicatorBar.obj 
  x64\Debug\UIControl_TexturePackList.obj 
  x64\Debug\UIFontData.obj 
  x64\Debug\UIScene_AnvilMenu.obj 
  x64\Debug\UIScene_ControlsMenu.obj 
  x64\Debug\UIScene_Credits.obj 
  x64\Debug\UIScene_DebugCreateSchematic.obj 
  x64\Debug\UIScene_DebugSetCamera.obj 
  x64\Debug\UIScene_DLCMainMenu.obj 
  x64\Debug\UIScene_DLCOffersMenu.obj 
  x64\Debug\UIScene_EndPoem.obj 
  x64\Debug\UIScene_EULA.obj 
  x64\Debug\UIScene_HowToPlay.obj 
  x64\Debug\UIScene_InGameHostOptionsMenu.obj 
  x64\Debug\UIScene_InGameInfoMenu.obj 
  x64\Debug\UIScene_InGamePlayerOptionsMenu.obj 
  x64\Debug\UIScene_LanguageSelector.obj 
  x64\Debug\UIScene_LeaderboardsMenu.obj 
  x64\Debug\UIScene_MessageBox.obj 
  x64\Debug\UIBitmapFont.obj 
  x64\Debug\UIComponent_Chat.obj 
  x64\Debug\UIComponent_DebugUIConsole.obj 
  x64\Debug\UIComponent_Logo.obj 
  x64\Debug\UIComponent_Panorama.obj 
  x64\Debug\UIComponent_Tooltips.obj 
  x64\Debug\UIComponent_TutorialPopup.obj 
  x64\Debug\UIControl.obj 
  x64\Debug\UIControl_Button.obj 
  x64\Debug\UIControl_CheckBox.obj 
  x64\Debug\UIControl_Cursor.obj 
  x64\Debug\UIControl_Label.obj 
  x64\Debug\UIControl_PlayerSkinPreview.obj 
  x64\Debug\UIControl_Progress.obj 
  x64\Debug\UIControl_ButtonList.obj 
  x64\Debug\UIControl_Slider.obj 
  x64\Debug\UIControl_SlotList.obj 
  x64\Debug\UIControl_TextInput.obj 
  x64\Debug\UIGroup.obj 
  x64\Debug\UILayer.obj 
  x64\Debug\UIScene.obj 
  x64\Debug\UIScene_AbstractContainerMenu.obj 
  x64\Debug\UIScene_BrewingStandMenu.obj 
  x64\Debug\UIScene_ConnectingProgress.obj 
  x64\Debug\UIScene_ContainerMenu.obj 
  x64\Debug\UIScene_CraftingMenu.obj 
  x64\Debug\UIScene_CreateWorldMenu.obj 
  x64\Debug\UIScene_CreativeMenu.obj 
  x64\Debug\UIScene_DeathMenu.obj 
  x64\Debug\UIScene_DebugOptions.obj 
  x64\Debug\UIScene_DebugOverlay.obj 
  x64\Debug\UIScene_DispenserMenu.obj 
  x64\Debug\UIScene_EnchantingMenu.obj 
  x64\Debug\UIScene_FullscreenProgress.obj 
  x64\Debug\UIScene_FurnaceMenu.obj 
  x64\Debug\UIScene_HelpAndOptionsMenu.obj 
  x64\Debug\UIScene_HowToPlayMenu.obj 
  x64\Debug\UIScene_HUD.obj 
  x64\Debug\UIScene_Intro.obj 
  x64\Debug\UIScene_JoinMenu.obj 
  x64\Debug\UIScene_LaunchMoreOptionsMenu.obj 
  x64\Debug\UIScene_LoadMenu.obj 
  x64\Debug\UIScene_LoadOrJoinMenu.obj 
  x64\Debug\UIScene_MainMenu.obj 
  x64\Debug\UIScene_InventoryMenu.obj 
  x64\Debug\UIScene_ModsMenu.obj 
  x64\Debug\UIScene_NewUpdateMessage.obj 
  x64\Debug\UIScene_PauseMenu.obj 
  x64\Debug\UIScene_QuadrantSignin.obj 
  x64\Debug\UIScene_ReinstallMenu.obj 
  x64\Debug\UIScene_SaveMessage.obj 
  x64\Debug\UIScene_SettingsAudioMenu.obj 
  x64\Debug\UIScene_SettingsControlMenu.obj 
  x64\Debug\UIScene_SettingsGraphicsMenu.obj 
  x64\Debug\UIScene_SettingsMenu.obj 
  x64\Debug\UIScene_SettingsOptionsMenu.obj 
  x64\Debug\UIScene_SettingsUIMenu.obj 
  x64\Debug\UIScene_SignEntryMenu.obj 
  x64\Debug\UIScene_SkinSelectMenu.obj 
  x64\Debug\UIScene_TeleportMenu.obj 
  x64\Debug\UIScene_Timer.obj 
  x64\Debug\UIScene_TradingMenu.obj 
  x64\Debug\UIScene_TrialExitUpsell.obj 
  x64\Debug\UIString.obj 
  x64\Debug\UITTFFont.obj 
  x64\Debug\adler32.obj 
  x64\Debug\compress.obj 
  x64\Debug\crc32.obj 
  x64\Debug\deflate.obj 
  x64\Debug\gzclose.obj 
  x64\Debug\gzlib.obj 
  x64\Debug\gzread.obj 
  x64\Debug\gzwrite.obj 
  x64\Debug\infback.obj 
  x64\Debug\inffast.obj 
  x64\Debug\inflate.obj 
  x64\Debug\inftrees.obj 
  x64\Debug\trees.obj 
  x64\Debug\uncompr.obj 
  x64\Debug\zutil.obj 
  x64\Debug\CompassTexture.obj 
  x64\Debug\compat_shims.obj 
  x64\Debug\ConfirmScreen.obj 
  x64\Debug\ConsoleInput.obj 
  x64\Debug\ControlsScreen.obj 
  x64\Debug\CowModel.obj 
  x64\Debug\CowRenderer.obj 
  x64\Debug\CreateWorldScreen.obj 
  x64\Debug\CreeperModel.obj 
  x64\Debug\CreeperRenderer.obj 
  x64\Debug\CritParticle.obj 
  x64\Debug\CritParticle2.obj 
  x64\Debug\Cube.obj 
  x64\Debug\DeathScreen.obj 
  x64\Debug\DefaultRenderer.obj 
  x64\Debug\DefaultTexturePack.obj 
  x64\Debug\DemoUser.obj 
  x64\Debug\DerivedServerLevel.obj 
  x64\Debug\DirtyChunkSorter.obj 
  x64\Debug\DispenserBootstrap.obj 
  x64\Debug\DistanceChunkSorter.obj 
  x64\Debug\DLCTexturePack.obj 
  x64\Debug\DragonBreathParticle.obj 
  x64\Debug\DragonModel.obj 
  x64\Debug\DripParticle.obj 
  x64\Debug\EchantmentTableParticle.obj 
  x64\Debug\EditBox.obj 
  x64\Debug\EnchantTableRenderer.obj 
  x64\Debug\EnderChestRenderer.obj 
  x64\Debug\EnderCrystalModel.obj 
  x64\Debug\EnderCrystalRenderer.obj 
  x64\Debug\EnderDragonRenderer.obj 
  x64\Debug\EndermanModel.obj 
  x64\Debug\EndermanRenderer.obj 
  x64\Debug\EnderParticle.obj 
  x64\Debug\EntityRenderDispatcher.obj 
  x64\Debug\EntityRenderer.obj 
  x64\Debug\EntityTileRenderer.obj 
  x64\Debug\EntityTracker.obj 
  x64\Debug\ErrorScreen.obj 
  x64\Debug\ExperienceOrbRenderer.obj 
  x64\Debug\ExplodeParticle.obj 
  x64\Debug\Extrax64Stubs.obj 
  x64\Debug\FallingTileRenderer.obj 
  x64\Debug\FileTexturePack.obj 
  x64\Debug\FireballRenderer.obj 
  x64\Debug\FireworksParticles.obj 
  x64\Debug\FishingHookRenderer.obj 
  x64\Debug\FlameParticle.obj 
  x64\Debug\FolderTexturePack.obj 
  x64\Debug\Font.obj 
  x64\Debug\FootstepParticle.obj 
  x64\Debug\Frustum.obj 
  x64\Debug\FrustumCuller.obj 
  x64\Debug\FrustumData.obj 
  x64\Debug\GameRenderer.obj 
  x64\Debug\GhastModel.obj 
  x64\Debug\GhastRenderer.obj 
  x64\Debug\GiantMobRenderer.obj 
  x64\Debug\glWrapper.obj 
  x64\Debug\Gui.obj 
  x64\Debug\GuiComponent.obj 
  x64\Debug\GuiMessage.obj 
  x64\Debug\GuiParticle.obj 
  x64\Debug\GuiParticles.obj 
  x64\Debug\HeartParticle.obj 
  x64\Debug\HorseRenderer.obj 
  x64\Debug\HttpTexture.obj 
  x64\Debug\HugeExplosionParticle.obj 
  x64\Debug\HugeExplosionSeedParticle.obj 
  x64\Debug\HumanoidMobRenderer.obj 
  x64\Debug\HumanoidModel.obj 
  x64\Debug\InBedChatScreen.obj 
  x64\Debug\Input.obj 
  x64\Debug\ItemFrameRenderer.obj 
  x64\Debug\ItemInHandRenderer.obj 
  x64\Debug\ItemRenderer.obj 
  x64\Debug\ItemSpriteRenderer.obj 
  x64\Debug\JoinMultiplayerScreen.obj 
  x64\Debug\KeyMapping.obj 
  x64\Debug\LargeChestModel.obj 
  x64\Debug\LavaParticle.obj 
  x64\Debug\LavaSlimeModel.obj 
  x64\Debug\LavaSlimeRenderer.obj 
  x64\Debug\LeashKnotModel.obj 
  x64\Debug\LeashKnotRenderer.obj 
  x64\Debug\LevelRenderer.obj 
  x64\Debug\Lighting.obj 
  x64\Debug\LightningBoltRenderer.obj 
  x64\Debug\LivingEntityRenderer.obj 
  x64\Debug\MemoryTracker.obj 
  x64\Debug\MemTexture.obj 
  x64\Debug\MinecartModel.obj 
  x64\Debug\MinecartRenderer.obj 
  x64\Debug\MinecartSpawnerRenderer.obj 
  x64\Debug\Minimap.obj 
  x64\Debug\MobRenderer.obj 
  x64\Debug\MobSkinMemTextureProcessor.obj 
  x64\Debug\MobSkinTextureProcessor.obj 
  x64\Debug\MobSpawnerRenderer.obj 
  x64\Debug\Model.obj 
  x64\Debug\ModelHorse.obj 
  x64\Debug\ModelPart.obj 
  x64\Debug\ModLoader.obj 
  x64\Debug\ModStartup.obj 
  x64\Debug\MushroomCowRenderer.obj 
  x64\Debug\NameEntryScreen.obj 
  x64\Debug\NoteParticle.obj 
  x64\Debug\OffsettedRenderList.obj 
  x64\Debug\Options.obj 
  x64\Debug\OptionsScreen.obj 
  x64\Debug\OcelotModel.obj 
  x64\Debug\OcelotRenderer.obj 
  x64\Debug\PaintingRenderer.obj 
  x64\Debug\Particle.obj 
  x64\Debug\ParticleEngine.obj 
  x64\Debug\PauseScreen.obj 
  x64\Debug\PendingConnection.obj 
  x64\Debug\PigModel.obj 
  x64\Debug\PigRenderer.obj 
  x64\Debug\PistonPieceRenderer.obj 
  x64\Debug\PlayerChunkMap.obj 
  x64\Debug\PlayerCloudParticle.obj 
  x64\Debug\PlayerConnection.obj 
  x64\Debug\PlayerList.obj 
  x64\Debug\PreStitchedTextureMap.obj 
  x64\Debug\ProgressRenderer.obj 
  x64\Debug\Rect2i.obj 
  x64\Debug\RemotePlayer.obj 
  x64\Debug\PlayerRenderer.obj 
  x64\Debug\Polygon.obj 
  x64\Debug\NetherPortalParticle.obj 
  x64\Debug\QuadrupedModel.obj 
  x64\Debug\RedDustParticle.obj 
  x64\Debug\RenameWorldScreen.obj 
  x64\Debug\Screen.obj 
  x64\Debug\ScreenSizeCalculator.obj 
  x64\Debug\ScrolledSelectionList.obj 
  x64\Debug\SDK.obj 
  x64\Debug\SelectWorldScreen.obj 
  x64\Debug\ServerChunkCache.obj 
  x64\Debug\ServerCommandDispatcher.obj 
  x64\Debug\ServerConnection.obj 
  x64\Debug\ServerPlayerGameMode.obj 
  x64\Debug\ServerLevel.obj 
  x64\Debug\ServerLevelListener.obj 
  x64\Debug\ServerPlayer.obj 
  x64\Debug\ServerScoreboard.obj 
  x64\Debug\Settings.obj 
  x64\Debug\SheepFurModel.obj 
  x64\Debug\SheepModel.obj 
  x64\Debug\SheepRenderer.obj 
  x64\Debug\SignModel.obj 
  x64\Debug\SignRenderer.obj 
  x64\Debug\SilverfishModel.obj 
  x64\Debug\SilverfishRenderer.obj 
  x64\Debug\SimpleIcon.obj 
  x64\Debug\SkeletonHeadModel.obj 
  x64\Debug\SkeletonModel.obj 
  x64\Debug\SkeletonRenderer.obj 
  x64\Debug\SkiModel.obj 
  x64\Debug\SkullTileRenderer.obj 
  x64\Debug\SlideButton.obj 
  x64\Debug\SlimeModel.obj 
  x64\Debug\SlimeRenderer.obj 
  x64\Debug\SmallButton.obj 
  x64\Debug\SmokeParticle.obj 
  x64\Debug\SnowManModel.obj 
  x64\Debug\SnowManRenderer.obj 
  x64\Debug\SnowShovelParticle.obj 
  x64\Debug\SpellParticle.obj 
  x64\Debug\SpiderModel.obj 
  x64\Debug\SpiderRenderer.obj 
  x64\Debug\SplashParticle.obj 
  x64\Debug\SquidModel.obj 
  x64\Debug\SquidRenderer.obj 
  x64\Debug\StatsScreen.obj 
  x64\Debug\StatsSyncher.obj 
  x64\Debug\stdafx.obj 
  x64\Debug\StitchedTexture.obj 
  x64\Debug\Stitcher.obj 
  x64\Debug\StitchSlot.obj 
  x64\Debug\StringTable.obj 
  x64\Debug\stubs.obj 
  x64\Debug\SuspendedParticle.obj 
  x64\Debug\SuspendedTownParticle.obj 
  x64\Debug\TakeAnimationParticle.obj 
  x64\Debug\TeleportCommand.obj 
  x64\Debug\TerrainParticle.obj 
  x64\Debug\Tesselator.obj 
  x64\Debug\TexOffs.obj 
  x64\Debug\Texture.obj 
  x64\Debug\TextureAtlas.obj 
  x64\Debug\TextureHolder.obj 
  x64\Debug\TextureManager.obj 
  x64\Debug\TextureMap.obj 
  x64\Debug\TexturePack.obj 
  x64\Debug\TexturePackRepository.obj 
  x64\Debug\Textures.obj 
  x64\Debug\TheEndPortalRenderer.obj 
  x64\Debug\TileEntityRenderDispatcher.obj 
  x64\Debug\TileEntityRenderer.obj 
  x64\Debug\TileRenderer.obj 
  x64\Debug\Timer.obj 
  x64\Debug\TitleScreen.obj 
  x64\Debug\TntMinecartRenderer.obj 
  x64\Debug\TntRenderer.obj 
  x64\Debug\TrackedEntity.obj 
  x64\Debug\User.obj 
  x64\Debug\Vertex.obj 
  x64\Debug\VideoSettingsScreen.obj 
  x64\Debug\ViewportCuller.obj 
  x64\Debug\VillagerGolemModel.obj 
  x64\Debug\VillagerGolemRenderer.obj 
  x64\Debug\VillagerModel.obj 
  x64\Debug\VillagerRenderer.obj 
  x64\Debug\VillagerZombieModel.obj 
  x64\Debug\WaterDropParticle.obj 
  x64\Debug\gdraw_d3d11.obj 
  x64\Debug\WinsockNetLayer.obj 
  x64\Debug\Windows64_UIController.obj 
  x64\Debug\WitchModel.obj 
  x64\Debug\WitchRenderer.obj 
  x64\Debug\WitherBossModel.obj 
  x64\Debug\WitherBossRenderer.obj 
  x64\Debug\WitherSkullRenderer.obj 
  x64\Debug\WolfModel.obj 
  x64\Debug\WolfRenderer.obj 
  x64\Debug\WstringLookup.obj 
  x64\Debug\ZombieModel.obj 
  x64\Debug\ZombieRenderer.obj 
  x64\Debug\ClientConnection.obj 
  x64\Debug\SoundEngine.obj 
  x64\Debug\UIController.obj 
  x64\Debug\Minecraft.obj 
  x64\Debug\MinecraftServer.obj 
  x64\Debug\MultiPlayerChunkCache.obj 
  x64\Debug\MultiPlayerGameMode.obj 
  x64\Debug\MultiPlayerLevel.obj 
  x64\Debug\MultiPlayerLocalPlayer.obj 
  x64\Debug\LocalPlayer.obj 
  x64\Debug\ShutdownManager.obj 
  x64\Debug\StatsCounter.obj 
  x64\Debug\WindowsLeaderboardManager.obj 
  x64\Debug\Windows64_App.obj 
  x64\Debug\Windows64_Minecraft.obj 
  x64\Debug\KeyboardMouseInput.obj 
  x64\Debug\NetworkPlayerXbox.obj 
  Windows64\4JLibs\libs\4J_Input_d.lib 
  Windows64\4JLibs\libs\4J_Render_PC_d.lib 
  Windows64\4JLibs\libs\4J_Storage_d.lib 
  Windows64\Iggy\lib\iggyexpruntime_w64.lib 
  Windows64\Iggy\lib\iggyperfmon_w64.lib 
  Windows64\Iggy\lib\iggy_w64.lib 
  Windows64\Miles\lib\mss64.lib 
  x64\Debug\iob_shim.obj 
4J_Input_d.lib(4J_Input.obj) : warning LNK4099: PDB 'vc110.pdb' was not found with '4J_Input_d.lib(4J_Input.obj)' or at 'S:\GitHub\Faucet\x64\Debug\vc110.pdb'; linking object as if no debug info
4J_Input_d.lib(INP_Keyboard.obj) : warning LNK4099: PDB 'vc110.pdb' was not found with '4J_Input_d.lib(INP_Keyboard.obj)' or at 'S:\GitHub\Faucet\x64\Debug\vc110.pdb'; linking object as if no debug info
4J_Input_d.lib(INP_Main.obj) : warning LNK4099: PDB 'vc110.pdb' was not found with '4J_Input_d.lib(INP_Main.obj)' or at 'S:\GitHub\Faucet\x64\Debug\vc110.pdb'; linking object as if no debug info
4J_Input_d.lib(stdafx.obj) : warning LNK4099: PDB 'vc110.pdb' was not found with '4J_Input_d.lib(stdafx.obj)' or at 'S:\GitHub\Faucet\x64\Debug\vc110.pdb'; linking object as if no debug info
4J_Input_d.lib(LinkedList.obj) : warning LNK4099: PDB 'vc110.pdb' was not found with '4J_Input_d.lib(LinkedList.obj)' or at 'S:\GitHub\Faucet\x64\Debug\vc110.pdb'; linking object as if no debug info
4J_Input_d.lib(INP_ForceFeedback.obj) : warning LNK4099: PDB 'vc110.pdb' was not found with '4J_Input_d.lib(INP_ForceFeedback.obj)' or at 'S:\GitHub\Faucet\x64\Debug\vc110.pdb'; linking object as if no debug info
4J_Render_PC_d.lib(4J_Render.obj) : warning LNK4099: PDB 'vc110.pdb' was not found with '4J_Render_PC_d.lib(4J_Render.obj)' or at 'S:\GitHub\Faucet\x64\Debug\vc110.pdb'; linking object as if no debug info
4J_Render_PC_d.lib(RendererMatrix.obj) : warning LNK4099: PDB 'vc110.pdb' was not found with '4J_Render_PC_d.lib(RendererMatrix.obj)' or at 'S:\GitHub\Faucet\x64\Debug\vc110.pdb'; linking object as if no debug info
4J_Render_PC_d.lib(RendererCore.obj) : warning LNK4099: PDB 'vc110.pdb' was not found with '4J_Render_PC_d.lib(RendererCore.obj)' or at 'S:\GitHub\Faucet\x64\Debug\vc110.pdb'; linking object as if no debug info
4J_Render_PC_d.lib(RendererVertex.obj) : warning LNK4099: PDB 'vc110.pdb' was not found with '4J_Render_PC_d.lib(RendererVertex.obj)' or at 'S:\GitHub\Faucet\x64\Debug\vc110.pdb'; linking object as if no debug info
4J_Render_PC_d.lib(RendererCBuff.obj) : warning LNK4099: PDB 'vc110.pdb' was not found with '4J_Render_PC_d.lib(RendererCBuff.obj)' or at 'S:\GitHub\Faucet\x64\Debug\vc110.pdb'; linking object as if no debug info
4J_Render_PC_d.lib(RendererTexture.obj) : warning LNK4099: PDB 'vc110.pdb' was not found with '4J_Render_PC_d.lib(RendererTexture.obj)' or at 'S:\GitHub\Faucet\x64\Debug\vc110.pdb'; linking object as if no debug info
4J_Render_PC_d.lib(RendererState.obj) : warning LNK4099: PDB 'vc110.pdb' was not found with '4J_Render_PC_d.lib(RendererState.obj)' or at 'S:\GitHub\Faucet\x64\Debug\vc110.pdb'; linking object as if no debug info
4J_Render_PC_d.lib(stdafx.obj) : warning LNK4099: PDB 'vc110.pdb' was not found with '4J_Render_PC_d.lib(stdafx.obj)' or at 'S:\GitHub\Faucet\x64\Debug\vc110.pdb'; linking object as if no debug info
4J_Render_PC_d.lib(pngread.obj) : warning LNK4099: PDB 'vc110.pdb' was not found with '4J_Render_PC_d.lib(pngread.obj)' or at 'S:\GitHub\Faucet\x64\Debug\vc110.pdb'; linking object as if no debug info
4J_Render_PC_d.lib(pngwrite.obj) : warning LNK4099: PDB 'vc110.pdb' was not found with '4J_Render_PC_d.lib(pngwrite.obj)' or at 'S:\GitHub\Faucet\x64\Debug\vc110.pdb'; linking object as if no debug info
4J_Render_PC_d.lib(png.obj) : warning LNK4099: PDB 'vc110.pdb' was not found with '4J_Render_PC_d.lib(png.obj)' or at 'S:\GitHub\Faucet\x64\Debug\vc110.pdb'; linking object as if no debug info
4J_Render_PC_d.lib(pngrtran.obj) : warning LNK4099: PDB 'vc110.pdb' was not found with '4J_Render_PC_d.lib(pngrtran.obj)' or at 'S:\GitHub\Faucet\x64\Debug\vc110.pdb'; linking object as if no debug info
4J_Render_PC_d.lib(pngtrans.obj) : warning LNK4099: PDB 'vc110.pdb' was not found with '4J_Render_PC_d.lib(pngtrans.obj)' or at 'S:\GitHub\Faucet\x64\Debug\vc110.pdb'; linking object as if no debug info
4J_Render_PC_d.lib(pngrio.obj) : warning LNK4099: PDB 'vc110.pdb' was not found with '4J_Render_PC_d.lib(pngrio.obj)' or at 'S:\GitHub\Faucet\x64\Debug\vc110.pdb'; linking object as if no debug info
4J_Render_PC_d.lib(pngmem.obj) : warning LNK4099: PDB 'vc110.pdb' was not found with '4J_Render_PC_d.lib(pngmem.obj)' or at 'S:\GitHub\Faucet\x64\Debug\vc110.pdb'; linking object as if no debug info
4J_Render_PC_d.lib(pngerror.obj) : warning LNK4099: PDB 'vc110.pdb' was not found with '4J_Render_PC_d.lib(pngerror.obj)' or at 'S:\GitHub\Faucet\x64\Debug\vc110.pdb'; linking object as if no debug info
4J_Render_PC_d.lib(pngset.obj) : warning LNK4099: PDB 'vc110.pdb' was not found with '4J_Render_PC_d.lib(pngset.obj)' or at 'S:\GitHub\Faucet\x64\Debug\vc110.pdb'; linking object as if no debug info
4J_Render_PC_d.lib(pngget.obj) : warning LNK4099: PDB 'vc110.pdb' was not found with '4J_Render_PC_d.lib(pngget.obj)' or at 'S:\GitHub\Faucet\x64\Debug\vc110.pdb'; linking object as if no debug info
4J_Render_PC_d.lib(pngrutil.obj) : warning LNK4099: PDB 'vc110.pdb' was not found with '4J_Render_PC_d.lib(pngrutil.obj)' or at 'S:\GitHub\Faucet\x64\Debug\vc110.pdb'; linking object as if no debug info
4J_Render_PC_d.lib(pngwutil.obj) : warning LNK4099: PDB 'vc110.pdb' was not found with '4J_Render_PC_d.lib(pngwutil.obj)' or at 'S:\GitHub\Faucet\x64\Debug\vc110.pdb'; linking object as if no debug info
4J_Render_PC_d.lib(pngwio.obj) : warning LNK4099: PDB 'vc110.pdb' was not found with '4J_Render_PC_d.lib(pngwio.obj)' or at 'S:\GitHub\Faucet\x64\Debug\vc110.pdb'; linking object as if no debug info
4J_Render_PC_d.lib(pngwtran.obj) : warning LNK4099: PDB 'vc110.pdb' was not found with '4J_Render_PC_d.lib(pngwtran.obj)' or at 'S:\GitHub\Faucet\x64\Debug\vc110.pdb'; linking object as if no debug info
4J_Storage_d.lib(4J_Storage.obj) : warning LNK4099: PDB 'vc110.pdb' was not found with '4J_Storage_d.lib(4J_Storage.obj)' or at 'S:\GitHub\Faucet\x64\Debug\vc110.pdb'; linking object as if no debug info
4J_Storage_d.lib(STO_SaveGame.obj) : warning LNK4099: PDB 'vc110.pdb' was not found with '4J_Storage_d.lib(STO_SaveGame.obj)' or at 'S:\GitHub\Faucet\x64\Debug\vc110.pdb'; linking object as if no debug info
4J_Storage_d.lib(STO_DLC.obj) : warning LNK4099: PDB 'vc110.pdb' was not found with '4J_Storage_d.lib(STO_DLC.obj)' or at 'S:\GitHub\Faucet\x64\Debug\vc110.pdb'; linking object as if no debug info
4J_Storage_d.lib(STO_Main.obj) : warning LNK4099: PDB 'vc110.pdb' was not found with '4J_Storage_d.lib(STO_Main.obj)' or at 'S:\GitHub\Faucet\x64\Debug\vc110.pdb'; linking object as if no debug info
4J_Storage_d.lib(stdafx.obj) : warning LNK4099: PDB 'vc110.pdb' was not found with '4J_Storage_d.lib(stdafx.obj)' or at 'S:\GitHub\Faucet\x64\Debug\vc110.pdb'; linking object as if no debug info
     Creating library S:\GitHub\Faucet\x64\Debug\Faucet.lib and object S:\GitHub\Faucet\x64\Debug\Faucet.exp
  Minecraft.Client.vcxproj -> S:\GitHub\Faucet\x64\Debug\Faucet.exe
  Run post-build script
  Post-build script started. Output Directory: S:\GitHub\Faucet\x64\Debug\/, Project Directory: S:\GitHub\Faucet\Minecraft.Client\/
  0 File(s) copied
  0 File(s) copied
  0 File(s) copied
  0 File(s) copied
  0 File(s) copied
  0 File(s) copied
  0 File(s) copied
